 0.00000000  0.00750000  1.01045145  1.31656349  1.31656349  0.32153959  0.19170292  0.07531102  0.05368032  0.04028175  0.00000000  0.00000000 -1.03011364 -0.75147059 -0.48875000 -0.19100000  0.00750000  0.00750000
 0.00750000  0.01500000  1.02101213  1.31887564  1.31887564  0.32153959  0.19177596  0.07531102  0.05368032  0.04028175  0.00000000  0.00000000 -1.01477273 -0.73823529 -0.47750000 -0.18200000  0.01500000  0.01500000
 0.01500000  0.02250000  1.03168318  1.32119186  1.32119186  0.32153959  0.19177421  0.07531102  0.05368032  0.04028175  0.00000000  0.00000000 -0.99943182 -0.72500000 -0.46625000 -0.17300000  0.02250000  0.02250000
 0.02250000  0.03000000  1.04246576  1.32351215  1.32351215  0.32153959  0.19177220  0.07531102  0.05368032  0.04028175  0.00000000  0.00000000 -0.98409091 -0.71176471 -0.45500000 -0.16400000  0.03000000  0.03000000
 0.03000000  0.03750000  1.05336104  1.32583651  1.32583651  0.32153959  0.19176997  0.07531102  0.05368032  0.04028175  0.00000000  0.00000000 -0.96875000 -0.69852941 -0.44375000 -0.15500000  0.03750000  0.03750000
 0.03750000  0.04500000  1.06437018  1.32816495  1.32816495  0.32153959  0.19176749  0.07531102  0.05368032  0.04028175  0.00000000  0.00000000 -0.95340909 -0.68529412 -0.43250000 -0.14600000  0.04500000  0.04500000
 0.04500000  0.05250000  1.07549439  1.33049749  1.33049749  0.32153959  0.19176477  0.07531102  0.05368032  0.04028175  0.00000000  0.00000000 -0.93806818 -0.67205882 -0.42125000 -0.13700000  0.05250000  0.05250000
 0.05250000  0.06000000  1.08673486  1.33283411  1.33283411  0.32153959  0.19176172  0.07531102  0.05368032  0.04028175  0.00000000  0.00000000 -0.92272727 -0.65882353 -0.41000000 -0.12800000  0.06000000  0.06000000
 0.06000000  0.06750000  1.09809281  1.33517485  1.33517485  0.32153959  0.19175844  0.07531102  0.05368032  0.04028175  0.00000000  0.00000000 -0.90738636 -0.64558824 -0.39875000 -0.11900000  0.06750000  0.06750000
 0.06750000  0.07500000  1.10956947  1.33751969  1.33751969  0.32153959  0.19175488  0.07531102  0.05368032  0.04028175  0.00000000  0.00000000 -0.89204545 -0.63235294 -0.38750000 -0.11000000  0.07500000  0.07500000
 0.07500000  0.08250000  1.12116608  1.33986865  1.33986865  0.32153959  0.19175104  0.07531102  0.05368032  0.04028175  0.00000000  0.00000000 -0.87670455 -0.61911765 -0.37625000 -0.10100000  0.08250000  0.08250000
 0.08250000  0.09000000  1.13288389  1.34222174  1.34222174  0.32153959  0.19174686  0.07531102  0.05368032  0.04028175  0.00000000  0.00000000 -0.86136364 -0.60588235 -0.36500000 -0.09200000  0.09000000  0.09000000
 0.09000000  0.09750000  1.14472416  1.34457896  1.34457896  0.32153959  0.19174242  0.07531102  0.05368032  0.04028175  0.00000000  0.00000000 -0.84602273 -0.59264706 -0.35375000 -0.08300000  0.09750000  0.09750000
 0.09750000  0.10500000  1.15668818  1.34694032  1.34694032  0.32153959  0.19173767  0.07531102  0.05368032  0.04028175  0.00000000  0.00000000 -0.83068182 -0.57941176 -0.34250000 -0.07400000  0.10500000  0.10500000
 0.10500000  0.11250000  1.16877725  1.34930582  1.34930582  0.32153959  0.19173258  0.07531102  0.05368032  0.04028175  0.00000000  0.00000000 -0.81534091 -0.56617647 -0.33125000 -0.06500000  0.11250000  0.11250000
 0.11250000  0.12000000  1.18099266  1.35167548  1.35167548  0.32153959  0.19172713  0.07531102  0.05368032  0.04028175  0.00000000  0.00000000 -0.80000000 -0.55294118 -0.32000000 -0.05600000  0.12000000  0.12000000
 0.12000000  0.12750000  1.19333574  1.35404930  1.35404930  0.32153959  0.19172142  0.07531102  0.05368032  0.04028175  0.00000000  0.00000000 -0.78465909 -0.53970588 -0.30875000 -0.04700000  0.12750000  0.12750000
 0.12750000  0.13500000  1.20580783  1.35642729  1.35642729  0.32153959  0.19171533  0.07531102  0.05368032  0.04028175  0.00000000  0.00000000 -0.76931818 -0.52647059 -0.29750000 -0.03800000  0.13500000  0.13500000
 0.13500000  0.14250000  1.21841026  1.35880946  1.35880946  0.32153959  0.19119331  0.07531102  0.05368032  0.04028175  0.00000000  0.00000000 -0.75397727 -0.51323529 -0.28625000 -0.02900000  0.14250000  0.14250000
 0.14250000  0.15000000  1.23114441  1.36119581  1.36119581  0.32153959  0.19619918  0.07531102  0.05368032  0.04028175  0.00000000  0.00000000 -0.73863636 -0.50000000 -0.27500000 -0.02000000  0.15000000  0.15000000
 0.15000000  0.15750000  1.24401165  1.36348035  1.36348035  0.29241090  0.21143364  0.07651458  0.05446301  0.04082632  0.03194066  0.00000000 -0.72329545 -0.48676471 -0.26375000 -0.01100000  0.15750000  0.15750000
 0.15750000  0.16500000  1.25701337  1.36563038  1.36563038  0.29241090  0.21143364  0.07651458  0.05446301  0.04082632  0.03194066  0.00000000 -0.70795455 -0.47352941 -0.25250000 -0.00200000  0.16500000  0.16500000
 0.16500000  0.17250000  1.27015098  1.36778379  1.36778379  0.29241090  0.21143364  0.07651458  0.05446301  0.04082632  0.03194066  0.00000000 -0.69261364 -0.46029412 -0.24125000  0.00700000  0.17250000  0.17250000
 0.17250000  0.18000000  1.28342590  1.36994060  1.36994060  0.29241090  0.21143364  0.07651458  0.05446301  0.04082632  0.03194066  0.00000000 -0.67727273 -0.44705882 -0.23000000  0.01600000  0.18000000  0.18000000
 0.18000000  0.18750000  1.29683955  1.37210081  1.37210081  0.29241090  0.21143364  0.07651458  0.05446301  0.04082632  0.03194066  0.00000000 -0.66193182 -0.43382353 -0.21875000  0.02500000  0.18750000  0.18750000
 0.18750000  0.19500000  1.31039340  1.37426442  1.37426442  0.29241090  0.21143364  0.07651458  0.05446301  0.04082632  0.03194066  0.00000000 -0.64659091 -0.42058824 -0.20750000  0.03400000  0.19500000  0.19500000
 0.19500000  0.20250000  1.32408891  1.37643145  1.37643145  0.29241090  0.21143364  0.07651458  0.05446301  0.04082632  0.03194066  0.00000000 -0.63125000 -0.40735294 -0.19625000  0.04300000  0.20250000  0.20250000
 0.20250000  0.21000000  1.33792755  1.37860189  1.37860189  0.29241090  0.21143364  0.07651458  0.05446301  0.04082632  0.03194066  0.00000000 -0.61590909 -0.39411765 -0.18500000  0.05200000  0.21000000  0.21000000
 0.21000000  0.21750000  1.35191083  1.38077576  1.38077576  0.29241090  0.21143364  0.07651458  0.05446301  0.04082632  0.03194066  0.00000000 -0.60056818 -0.38088235 -0.17375000  0.06100000  0.21750000  0.21750000
 0.21750000  0.22500000  1.36604026  1.38295305  1.38295305  0.29241090  0.21143364  0.07651458  0.05446301  0.04082632  0.03194066  0.00000000 -0.58522727 -0.36764706 -0.16250000  0.07000000  0.22500000  0.22500000
 0.22500000  0.23250000  1.38031735  1.38513378  1.38513378  0.29241090  0.21143364  0.07651458  0.05446301  0.04082632  0.03194066  0.00000000 -0.56988636 -0.35441176 -0.15125000  0.07900000  0.23250000  0.23250000
 0.23250000  0.24000000  1.38885242  1.38885242  1.38885242  0.29241090  0.21143364  0.07651458  0.05446301  0.04082632  0.03194066  0.00000000 -0.56079094 -0.34656473 -0.14458002  0.08433598  0.23694665  0.23694665
 0.24000000  0.24750000  1.39358590  1.39358590  1.39358590  0.29241090  0.21143364  0.07651458  0.05446301  0.04082632  0.03194066  0.00000000 -0.55577075 -0.34223359 -0.14089855  0.08728116  0.23940097  0.23940097
 0.24750000  0.25500000  1.39833552  1.39833552  1.39833552  0.29241090  0.21143364  0.07651458  0.05446301  0.04082632  0.03194066  0.00000000 -0.55075056 -0.33790244 -0.13721708  0.09022634  0.24185528  0.24185528
 0.25500000  0.26250000  1.40310132  1.40310132  1.40310132  0.29241090  0.21143364  0.07651458  0.05446301  0.04082632  0.03194066  0.00000000 -0.54573037 -0.33357130 -0.13353560  0.09317152  0.24430960  0.24430960
 0.26250000  0.27000000  1.40788337  1.40788337  1.40788337  0.29241090  0.21143364  0.07651458  0.05446301  0.04082632  0.03194066  0.00000000 -0.54071018 -0.32924015 -0.12985413  0.09611670  0.24676391  0.24676391
 0.27000000  0.27750000  1.41268172  1.41268172  1.41268172  0.29241090  0.21143364  0.07651458  0.05446301  0.04082632  0.03194066  0.00000000 -0.53568999 -0.32490901 -0.12617266  0.09906187  0.24921823  0.24921823
 0.27750000  0.28500000  1.41749641  1.41749641  1.41749641  0.29241090  0.21143364  0.07651458  0.05446301  0.04082632  0.03194066  0.00000000 -0.53066980 -0.32057787 -0.12249119  0.10200705  0.25167254  0.25167254
 0.28500000  0.29250000  1.42232752  1.42232752  1.42232752  0.29241090  0.21143364  0.07651458  0.05446301  0.04082632  0.03194066  0.00000000 -0.52564961 -0.31624672 -0.11880971  0.10495223  0.25412686  0.25412686
 0.29250000  0.30000000  1.42717510  1.42717510  1.42717510  0.29241090  0.21143364  0.07651458  0.05446301  0.04082632  0.03194066  0.00000000 -0.52062942 -0.31191558 -0.11512824  0.10789741  0.25658117  0.25658117
 0.30000000  0.30750000  1.43203919  1.43203919  1.43203919  0.29241090  0.21143364  0.07651458  0.05446301  0.04082632  0.03194066  0.00000000 -0.51560923 -0.30758443 -0.11144677  0.11084259  0.25903549  0.25903549
 0.30750000  0.31500000  1.43691986  1.43691986  1.43691986  0.29241090  0.21143364  0.07651458  0.05446301  0.04082632  0.03194066  0.00000000 -0.51058904 -0.30325329 -0.10776530  0.11378776  0.26148980  0.26148980
 0.31500000  0.32250000  1.44181717  1.44181717  1.44181717  0.29241090  0.21143364  0.07651458  0.05446301  0.04082632  0.03194066  0.00000000 -0.50556885 -0.29892214 -0.10408382  0.11673294  0.26394412  0.26394412
 0.32250000  0.33000000  1.44673117  1.44673117  1.44673117  0.29241090  0.21143364  0.07651458  0.05446301  0.04082632  0.03194066  0.00000000 -0.50054866 -0.29459100 -0.10040235  0.11967812  0.26639843  0.26639843
 0.33000000  0.33750000  1.45161888  1.45161888  1.45161888  0.32153959  0.18764774  0.07531102  0.05368032  0.04028175  0.00000000  0.00000000 -0.49557221 -0.29029759 -0.09675296  0.12259764  0.26883136  0.26883136
 0.33750000  0.34500000  1.45639225  1.45639225  1.45639225  0.32153959  0.18764774  0.07531102  0.05368032  0.04028175  0.00000000  0.00000000 -0.49072833 -0.28611856 -0.09320077  0.12543938  0.27119948  0.27119948
 0.34500000  0.35250000  1.46118131  1.46118131  1.46118131  0.32153959  0.18764774  0.07531102  0.05368032  0.04028175  0.00000000  0.00000000 -0.48588444 -0.28193952 -0.08964859  0.12828113  0.27356760  0.27356760
 0.35250000  0.36000000  1.46598613  1.46598613  1.46598613  0.32153959  0.18764774  0.07531102  0.05368032  0.04028175  0.00000000  0.00000000 -0.48104056 -0.27776048 -0.08609641  0.13112287  0.27593573  0.27593573
 0.36000000  0.36750000  1.47080674  1.47080674  1.47080674  0.32153959  0.18764774  0.07531102  0.05368032  0.04028175  0.00000000  0.00000000 -0.47619668 -0.27358145 -0.08254423  0.13396462  0.27830385  0.27830385
 0.36750000  0.37500000  1.47564321  1.47564321  1.47564321  0.32153959  0.18764774  0.07531102  0.05368032  0.04028175  0.00000000  0.00000000 -0.47135279 -0.26940241 -0.07899205  0.13680636  0.28067197  0.28067197
 0.37500000  0.38250000  1.48049557  1.48049557  1.48049557  0.32153959  0.18764774  0.07531102  0.05368032  0.04028175  0.00000000  0.00000000 -0.46650891 -0.26522337 -0.07543987  0.13964811  0.28304009  0.28304009
 0.38250000  0.39000000  1.48536390  1.48536390  1.48536390  0.32153959  0.18764774  0.07531102  0.05368032  0.04028175  0.00000000  0.00000000 -0.46166503 -0.26104434 -0.07188769  0.14248985  0.28540821  0.28540821
 0.39000000  0.39750000  1.49024823  1.49024823  1.49024823  0.32153959  0.18764774  0.07531102  0.05368032  0.04028175  0.00000000  0.00000000 -0.45682114 -0.25686530 -0.06833550  0.14533160  0.28777633  0.28777633
 0.39750000  0.40500000  1.49514863  1.49514863  1.49514863  0.32153959  0.18764774  0.07531102  0.05368032  0.04028175  0.00000000  0.00000000 -0.45197726 -0.25268626 -0.06478332  0.14817334  0.29014445  0.29014445
 0.40500000  0.41250000  1.50006513  1.50006513  1.50006513  0.32153959  0.18764774  0.07531102  0.05368032  0.04028175  0.00000000  0.00000000 -0.44713337 -0.24850723 -0.06123114  0.15101509  0.29251257  0.29251257
 0.41250000  0.42000000  1.50499781  1.50499781  1.50499781  0.32153959  0.18764774  0.07531102  0.05368032  0.04028175  0.00000000  0.00000000 -0.44228949 -0.24432819 -0.05767896  0.15385683  0.29488069  0.29488069
 0.42000000  0.42750000  1.50994670  1.50994670  1.50994670  0.32153959  0.18764774  0.07531102  0.05368032  0.04028175  0.00000000  0.00000000 -0.43744561 -0.24014915 -0.05412678  0.15669858  0.29724881  0.29724881
 0.42750000  0.43500000  1.51491187  1.51491187  1.51491187  0.32153959  0.18764774  0.07531102  0.05368032  0.04028175  0.00000000  0.00000000 -0.43260172 -0.23597011 -0.05057460  0.15954032  0.29961694  0.29961694
 0.43500000  0.44250000  1.51989337  1.51989337  1.51989337  0.32153959  0.18764774  0.07531102  0.05368032  0.04028175  0.00000000  0.00000000 -0.42775784 -0.23179108 -0.04702242  0.16238207  0.30198506  0.30198506
 0.44250000  0.45000000  1.52489125  1.52489125  1.52489125  0.32153959  0.18764774  0.07531102  0.05368032  0.04028175  0.00000000  0.00000000 -0.42291396 -0.22761204 -0.04347023  0.16522381  0.30435318  0.30435318
 0.45000000  0.45750000  1.52990556  1.52990556  1.52990556  0.32153959  0.18764774  0.07531102  0.05368032  0.04028175  0.00000000  0.00000000 -0.41807007 -0.22343300 -0.03991805  0.16806556  0.30672130  0.30672130
 0.45750000  0.46500000  1.53493636  1.53493636  1.53493636  0.32153959  0.18764774  0.07531102  0.05368032  0.04028175  0.00000000  0.00000000 -0.41322619 -0.21925397 -0.03636587  0.17090730  0.30908942  0.30908942
 0.46500000  0.47250000  1.53998370  1.53998370  1.53998370  0.32153959  0.18764774  0.07531102  0.05368032  0.04028175  0.00000000  0.00000000 -0.40838231 -0.21507493 -0.03281369  0.17374905  0.31145754  0.31145754
 0.47250000  0.48000000  1.54504764  1.54504764  1.54504764  0.32153959  0.18764774  0.07531102  0.05368032  0.04028175  0.00000000  0.00000000 -0.40353842 -0.21089589 -0.02926151  0.17659079  0.31382566  0.31382566
 0.48000000  0.48750000  1.55012823  1.55012823  1.55012823  0.32153959  0.18764774  0.07531102  0.05368032  0.04028175  0.00000000  0.00000000 -0.39869454 -0.20671686 -0.02570933  0.17943254  0.31619378  0.31619378
 0.48750000  0.49500000  1.55522553  1.55522553  1.55522553  0.32153959  0.18764774  0.07531102  0.05368032  0.04028175  0.00000000  0.00000000 -0.39385065 -0.20253782 -0.02215715  0.18227428  0.31856190  0.31856190
 0.49500000  0.50250000  1.56033959  1.56033959  1.56033959  0.32153959  0.18764774  0.07531102  0.05368032  0.04028175  0.00000000  0.00000000 -0.38900677 -0.19835878 -0.01860496  0.18511603  0.32093002  0.32093002
 0.50250000  0.51000000  1.56547046  1.56547046  1.56547046  0.32153959  0.18764774  0.07531102  0.05368032  0.04028175  0.00000000  0.00000000 -0.38416289 -0.19417975 -0.01505278  0.18795777  0.32329814  0.32329814
 0.51000000  0.51750000  1.57061821  1.57061821  1.57061821  0.32153959  0.18764774  0.07531102  0.05368032  0.04028175  0.00000000  0.00000000 -0.37931900 -0.19000071 -0.01150060  0.19079952  0.32566627  0.32566627
 0.51750000  0.52500000  1.57578289  1.57578289  1.57578289  0.32153959  0.18764774  0.07531102  0.05368032  0.04028175  0.00000000  0.00000000 -0.37447512 -0.18582167 -0.00794842  0.19364126  0.32803439  0.32803439
 0.52500000  0.53250000  1.58096455  1.58096455  1.58096455  0.32153959  0.18764774  0.07531102  0.05368032  0.04028175  0.00000000  0.00000000 -0.36963124 -0.18164263 -0.00439624  0.19648301  0.33040251  0.33040251
 0.53250000  0.54000000  1.58616324  1.58616324  1.58616324  0.32153959  0.18764774  0.07531102  0.05368032  0.04028175  0.00000000  0.00000000 -0.36478735 -0.17746360 -0.00084406  0.19932475  0.33277063  0.33277063
 0.54000000  0.54750000  1.59118179  1.59118179  1.59118179  0.35767650  0.15809626  0.07383300  0.05271775  0.00000000  0.00000000  0.00000000 -0.36012636 -0.17344235  0.00257400  0.20205920  0.33504934  0.33504934
 0.54750000  0.55500000  1.59613234  1.59613234  1.59613234  0.35767650  0.15809626  0.07383300  0.05271775  0.00000000  0.00000000  0.00000000 -0.35554290 -0.16948799  0.00593521  0.20474817  0.33729014  0.33729014
 0.55500000  0.56250000  1.60109830  1.60109830  1.60109830  0.35767650  0.15809626  0.07383300  0.05271775  0.00000000  0.00000000  0.00000000 -0.35095944 -0.16553363  0.00929641  0.20743713  0.33953094  0.33953094
 0.56250000  0.57000000  1.60607970  1.60607970  1.60607970  0.35767650  0.15809626  0.07383300  0.05271775  0.00000000  0.00000000  0.00000000 -0.34637598 -0.16157928  0.01265762  0.21012609  0.34177174  0.34177174
 0.57000000  0.57750000  1.61107660  1.61107660  1.61107660  0.35767650  0.15809626  0.07383300  0.05271775  0.00000000  0.00000000  0.00000000 -0.34179252 -0.15762492  0.01601882  0.21281506  0.34401255  0.34401255
 0.57750000  0.58500000  1.61608905  1.61608905  1.61608905  0.35767650  0.15809626  0.07383300  0.05271775  0.00000000  0.00000000  0.00000000 -0.33720906 -0.15367056  0.01938002  0.21550402  0.34625335  0.34625335
 0.58500000  0.59250000  1.62111710  1.62111710  1.62111710  0.35767650  0.15809626  0.07383300  0.05271775  0.00000000  0.00000000  0.00000000 -0.33262560 -0.14971620  0.02274123  0.21819298  0.34849415  0.34849415
 0.59250000  0.60000000  1.62616078  1.62616078  1.62616078  0.35767650  0.15809626  0.07383300  0.05271775  0.00000000  0.00000000  0.00000000 -0.32804214 -0.14576185  0.02610243  0.22088194  0.35073495  0.35073495
 0.60000000  0.60750000  1.63122016  1.63122016  1.63122016  0.35767650  0.15809626  0.07383300  0.05271775  0.00000000  0.00000000  0.00000000 -0.32345868 -0.14180749  0.02946363  0.22357091  0.35297576  0.35297576
 0.60750000  0.61500000  1.63629528  1.63629528  1.63629528  0.35767650  0.15809626  0.07383300  0.05271775  0.00000000  0.00000000  0.00000000 -0.31887522 -0.13785313  0.03282484  0.22625987  0.35521656  0.35521656
 0.61500000  0.62250000  1.64138619  1.64138619  1.64138619  0.35767650  0.15809626  0.07383300  0.05271775  0.00000000  0.00000000  0.00000000 -0.31429176 -0.13389877  0.03618604  0.22894883  0.35745736  0.35745736
 0.62250000  0.63000000  1.64649294  1.64649294  1.64649294  0.35767650  0.15809626  0.07383300  0.05271775  0.00000000  0.00000000  0.00000000 -0.30970830 -0.12994442  0.03954725  0.23163780  0.35969816  0.35969816
 0.63000000  0.63750000  1.65161558  1.65161558  1.65161558  0.35767650  0.15809626  0.07383300  0.05271775  0.00000000  0.00000000  0.00000000 -0.30512484 -0.12599006  0.04290845  0.23432676  0.36193897  0.36193897
 0.63750000  0.64500000  1.65675415  1.65675415  1.65675415  0.35767650  0.15809626  0.07383300  0.05271775  0.00000000  0.00000000  0.00000000 -0.30054138 -0.12203570  0.04626965  0.23701572  0.36417977  0.36417977
 0.64500000  0.65250000  1.66190872  1.66190872  1.66190872  0.35767650  0.15809626  0.07383300  0.05271775  0.00000000  0.00000000  0.00000000 -0.29595792 -0.11808135  0.04963086  0.23970468  0.36642057  0.36642057
 0.65250000  0.66000000  1.66707932  1.66707932  1.66707932  0.35767650  0.15809626  0.07383300  0.05271775  0.00000000  0.00000000  0.00000000 -0.29137446 -0.11412699  0.05299206  0.24239365  0.36866137  0.36866137
 0.66000000  0.66750000  1.67160276  1.67160276  1.67160276  0.35114145  0.11109050  0.07152140  0.05120915  0.00000000  0.00000000  0.06389605 -0.28737632 -0.11067761  0.05592404  0.24473923  0.37061602  0.37061602
 0.66750000  0.67500000  1.67604327  1.67604327  1.67604327  0.35114145  0.11109050  0.07152140  0.05120915  0.00000000  0.00000000  0.06389605 -0.28346198 -0.10730053  0.05879455  0.24703564  0.37252970  0.37252970
 0.67500000  0.68250000  1.68049558  1.68049558  1.68049558  0.35114145  0.11109050  0.07152140  0.05120915  0.00000000  0.00000000  0.06389605 -0.27954764 -0.10392346  0.06166506  0.24933205  0.37444337  0.37444337
 0.68250000  0.69000000  1.68495972  1.68495972  1.68495972  0.35114145  0.11109050  0.07152140  0.05120915  0.00000000  0.00000000  0.06389605 -0.27563331 -0.10054638  0.06453558  0.25162846  0.37635705  0.37635705
 0.69000000  0.69750000  1.68943571  1.68943571  1.68943571  0.35114145  0.11109050  0.07152140  0.05120915  0.00000000  0.00000000  0.06389605 -0.27171897 -0.09716931  0.06740609  0.25392487  0.37827073  0.37827073
 0.69750000  0.70500000  1.69392360  1.69392360  1.69392360  0.35114145  0.11109050  0.07152140  0.05120915  0.00000000  0.00000000  0.06389605 -0.26780463 -0.09379223  0.07027660  0.25622128  0.38018440  0.38018440
 0.70500000  0.71250000  1.69842340  1.69842340  1.69842340  0.35114145  0.11109050  0.07152140  0.05120915  0.00000000  0.00000000  0.06389605 -0.26389030 -0.09041516  0.07314712  0.25851769  0.38209808  0.38209808
 0.71250000  0.72000000  1.70293516  1.70293516  1.70293516  0.35114145  0.11109050  0.07152140  0.05120915  0.00000000  0.00000000  0.06389605 -0.25997596 -0.08703808  0.07601763  0.26081410  0.38401175  0.38401175
 0.72000000  0.72750000  1.70745891  1.70745891  1.70745891  0.35114145  0.11109050  0.07152140  0.05120915  0.00000000  0.00000000  0.06389605 -0.25606162 -0.08366101  0.07888814  0.26311051  0.38592543  0.38592543
 0.72750000  0.73500000  1.71199467  1.71199467  1.71199467  0.35114145  0.11109050  0.07152140  0.05120915  0.00000000  0.00000000  0.06389605 -0.25214729 -0.08028393  0.08175866  0.26540693  0.38783910  0.38783910
 0.73500000  0.74250000  1.71654248  1.71654248  1.71654248  0.35114145  0.11109050  0.07152140  0.05120915  0.00000000  0.00000000  0.06389605 -0.24823295 -0.07690686  0.08462917  0.26770334  0.38975278  0.38975278
 0.74250000  0.75000000  1.72110237  1.72110237  1.72110237  0.35114145  0.11109050  0.07152140  0.05120915  0.00000000  0.00000000  0.06389605 -0.24431861 -0.07352978  0.08749968  0.26999975  0.39166646  0.39166646
