 0.00000000  0.00750000  1.01045145  1.31656349  1.31656349
 0.00750000  0.01500000  1.02101213  1.31887564  1.31887564
 0.01500000  0.02250000  1.03168318  1.32119186  1.32119186
 0.02250000  0.03000000  1.04246576  1.32351215  1.32351215
 0.03000000  0.03750000  1.05336104  1.32583651  1.32583651
 0.03750000  0.04500000  1.06437018  1.32816495  1.32816495
 0.04500000  0.05250000  1.07549439  1.33049749  1.33049749
 0.05250000  0.06000000  1.08673486  1.33283411  1.33283411
 0.06000000  0.06750000  1.09809281  1.33517485  1.33517485
 0.06750000  0.07500000  1.10956947  1.33751969  1.33751969
 0.07500000  0.08250000  1.12116608  1.33986865  1.33986865
 0.08250000  0.09000000  1.13288389  1.34222174  1.34222174
 0.09000000  0.09750000  1.14472416  1.34457896  1.34457896
 0.09750000  0.10500000  1.15668818  1.34694032  1.34694032
 0.10500000  0.11250000  1.16877725  1.34930582  1.34930582
 0.11250000  0.12000000  1.18099266  1.35167548  1.35167548
 0.12000000  0.12750000  1.19333574  1.35404930  1.35404930
 0.12750000  0.13500000  1.20580783  1.35642729  1.35642729
 0.13500000  0.14250000  1.21841026  1.35880946  1.35880946
 0.14250000  0.15000000  1.23114441  1.36119581  1.36119581
 0.15000000  0.15750000  1.24401165  1.36348035  1.36348035
 0.15750000  0.16500000  1.25701337  1.36563038  1.36563038
 0.16500000  0.17250000  1.27015098  1.36778379  1.36778379
 0.17250000  0.18000000  1.28342590  1.36994060  1.36994060
 0.18000000  0.18750000  1.29683955  1.37210081  1.37210081
 0.18750000  0.19500000  1.31039340  1.37426442  1.37426442
 0.19500000  0.20250000  1.32408891  1.37643145  1.37643145
 0.20250000  0.21000000  1.33792755  1.37860189  1.37860189
 0.21000000  0.21750000  1.35191083  1.38077576  1.38077576
 0.21750000  0.22500000  1.36604026  1.38295305  1.38295305
 0.22500000  0.23250000  1.38031735  1.38513378  1.38513378
 0.23250000  0.24000000  1.38885242  1.38885242  1.38885242
 0.24000000  0.24750000  1.39358590  1.39358590  1.39358590
 0.24750000  0.25500000  1.39833552  1.39833552  1.39833552
 0.25500000  0.26250000  1.40310132  1.40310132  1.40310132
 0.26250000  0.27000000  1.40788337  1.40788337  1.40788337
 0.27000000  0.27750000  1.41268172  1.41268172  1.41268172
 0.27750000  0.28500000  1.41749641  1.41749641  1.41749641
 0.28500000  0.29250000  1.42232752  1.42232752  1.42232752
 0.29250000  0.30000000  1.42717510  1.42717510  1.42717510
 0.30000000  0.30750000  1.43203919  1.43203919  1.43203919
 0.30750000  0.31500000  1.43691986  1.43691986  1.43691986
 0.31500000  0.32250000  1.44181717  1.44181717  1.44181717
 0.32250000  0.33000000  1.44673117  1.44673117  1.44673117
 0.33000000  0.33750000  1.45161888  1.45161888  1.45161888
 0.33750000  0.34500000  1.45639225  1.45639225  1.45639225
 0.34500000  0.35250000  1.46118131  1.46118131  1.46118131
 0.35250000  0.36000000  1.46598613  1.46598613  1.46598613
 0.36000000  0.36750000  1.47080674  1.47080674  1.47080674
 0.36750000  0.37500000  1.47564321  1.47564321  1.47564321
 0.37500000  0.38250000  1.48049557  1.48049557  1.48049557
 0.38250000  0.39000000  1.48536390  1.48536390  1.48536390
 0.39000000  0.39750000  1.49024823  1.49024823  1.49024823
 0.39750000  0.40500000  1.49514863  1.49514863  1.49514863
 0.40500000  0.41250000  1.50006513  1.50006513  1.50006513
 0.41250000  0.42000000  1.50499781  1.50499781  1.50499781
 0.42000000  0.42750000  1.50994670  1.50994670  1.50994670
 0.42750000  0.43500000  1.51491187  1.51491187  1.51491187
 0.43500000  0.44250000  1.51989337  1.51989337  1.51989337
 0.44250000  0.45000000  1.52489125  1.52489125  1.52489125
 0.45000000  0.45750000  1.52990556  1.52990556  1.52990556
 0.45750000  0.46500000  1.53493636  1.53493636  1.53493636
 0.46500000  0.47250000  1.53998370  1.53998370  1.53998370
 0.47250000  0.48000000  1.54504764  1.54504764  1.54504764
 0.48000000  0.48750000  1.55012823  1.55012823  1.55012823
 0.48750000  0.49500000  1.55522553  1.55522553  1.55522553
 0.49500000  0.50250000  1.56033959  1.56033959  1.56033959
 0.50250000  0.51000000  1.56547046  1.56547046  1.56547046
 0.51000000  0.51750000  1.57061821  1.57061821  1.57061821
 0.51750000  0.52500000  1.57578289  1.57578289  1.57578289
 0.52500000  0.53250000  1.58096455  1.58096455  1.58096455
 0.53250000  0.54000000  1.58616324  1.58616324  1.58616324
 0.54000000  0.54750000  1.59118179  1.59118179  1.59118179
 0.54750000  0.55500000  1.59613234  1.59613234  1.59613234
 0.55500000  0.56250000  1.60109830  1.60109830  1.60109830
 0.56250000  0.57000000  1.60607970  1.60607970  1.60607970
 0.57000000  0.57750000  1.61107660  1.61107660  1.61107660
 0.57750000  0.58500000  1.61608905  1.61608905  1.61608905
 0.58500000  0.59250000  1.62111710  1.62111710  1.62111710
 0.59250000  0.60000000  1.62616078  1.62616078  1.62616078
 0.60000000  0.60750000  1.63122016  1.63122016  1.63122016
 0.60750000  0.61500000  1.63629528  1.63629528  1.63629528
 0.61500000  0.62250000  1.64138619  1.64138619  1.64138619
 0.62250000  0.63000000  1.64649294  1.64649294  1.64649294
 0.63000000  0.63750000  1.65161558  1.65161558  1.65161558
 0.63750000  0.64500000  1.65675415  1.65675415  1.65675415
 0.64500000  0.65250000  1.66190872  1.66190872  1.66190872
 0.65250000  0.66000000  1.66707932  1.66707932  1.66707932
 0.66000000  0.66750000  1.67160276  1.67160276  1.67160276
 0.66750000  0.67500000  1.67604327  1.67604327  1.67604327
 0.67500000  0.68250000  1.68049558  1.68049558  1.68049558
 0.68250000  0.69000000  1.68495972  1.68495972  1.68495972
 0.69000000  0.69750000  1.68943571  1.68943571  1.68943571
 0.69750000  0.70500000  1.69392360  1.69392360  1.69392360
 0.70500000  0.71250000  1.69842340  1.69842340  1.69842340
 0.71250000  0.72000000  1.70293516  1.70293516  1.70293516
 0.72000000  0.72750000  1.70745891  1.70745891  1.70745891
 0.72750000  0.73500000  1.71199467  1.71199467  1.71199467
 0.73500000  0.74250000  1.71654248  1.71654248  1.71654248
 0.74250000  0.75000000  1.72110237  1.72110237  1.72110237
