 0.00000000  0.00136364 -1.04266529 -0.76229947 -0.49795455 -0.19836364  0.00136364  0.00136364
 0.00136364  0.00272727 -1.03987603 -0.75989305 -0.49590909 -0.19672727  0.00272727  0.00272727
 0.00272727  0.00409091 -1.03708678 -0.75748663 -0.49386364 -0.19509091  0.00409091  0.00409091
 0.00409091  0.00545455 -1.03429752 -0.75508021 -0.49181818 -0.19345455  0.00545455  0.00545455
 0.00545455  0.00681818 -1.03150826 -0.75267380 -0.48977273 -0.19181818  0.00681818  0.00681818
 0.00681818  0.00818182 -1.02871901 -0.75026738 -0.48772727 -0.19018182  0.00818182  0.00818182
 0.00818182  0.00954545 -1.02592975 -0.74786096 -0.48568182 -0.18854545  0.00954545  0.00954545
 0.00954545  0.01090909 -1.02314050 -0.74545455 -0.48363636 -0.18690909  0.01090909  0.01090909
 0.01090909  0.01227273 -1.02035124 -0.74304813 -0.48159091 -0.18527273  0.01227273  0.01227273
 0.01227273  0.01363636 -1.01756198 -0.74064171 -0.47954545 -0.18363636  0.01363636  0.01363636
 0.01363636  0.01500000 -1.01477273 -0.73823529 -0.47750000 -0.18200000  0.01500000  0.01500000
 0.01500000  0.01636364 -1.01198347 -0.73582888 -0.47545455 -0.18036364  0.01636364  0.01636364
 0.01636364  0.01772727 -1.00919421 -0.73342246 -0.47340909 -0.17872727  0.01772727  0.01772727
 0.01772727  0.01909091 -1.00640496 -0.73101604 -0.47136364 -0.17709091  0.01909091  0.01909091
 0.01909091  0.02045455 -1.00361570 -0.72860963 -0.46931818 -0.17545455  0.02045455  0.02045455
 0.02045455  0.02181818 -1.00082645 -0.72620321 -0.46727273 -0.17381818  0.02181818  0.02181818
 0.02181818  0.02318182 -0.99803719 -0.72379679 -0.46522727 -0.17218182  0.02318182  0.02318182
 0.02318182  0.02454545 -0.99524793 -0.72139037 -0.46318182 -0.17054545  0.02454545  0.02454545
 0.02454545  0.02590909 -0.99245868 -0.71898396 -0.46113636 -0.16890909  0.02590909  0.02590909
 0.02590909  0.02727273 -0.98966942 -0.71657754 -0.45909091 -0.16727273  0.02727273  0.02727273
 0.02727273  0.02863636 -0.98688017 -0.71417112 -0.45704545 -0.16563636  0.02863636  0.02863636
 0.02863636  0.03000000 -0.98409091 -0.71176471 -0.45500000 -0.16400000  0.03000000  0.03000000
 0.03000000  0.03136364 -0.98130165 -0.70935829 -0.45295455 -0.16236364  0.03136364  0.03136364
 0.03136364  0.03272727 -0.97851240 -0.70695187 -0.45090909 -0.16072727  0.03272727  0.03272727
 0.03272727  0.03409091 -0.97572314 -0.70454545 -0.44886364 -0.15909091  0.03409091  0.03409091
 0.03409091  0.03545455 -0.97293388 -0.70213904 -0.44681818 -0.15745455  0.03545455  0.03545455
 0.03545455  0.03681818 -0.97014463 -0.69973262 -0.44477273 -0.15581818  0.03681818  0.03681818
 0.03681818  0.03818182 -0.96735537 -0.69732620 -0.44272727 -0.15418182  0.03818182  0.03818182
 0.03818182  0.03954545 -0.96456612 -0.69491979 -0.44068182 -0.15254545  0.03954545  0.03954545
 0.03954545  0.04090909 -0.96177686 -0.69251337 -0.43863636 -0.15090909  0.04090909  0.04090909
 0.04090909  0.04227273 -0.95898760 -0.69010695 -0.43659091 -0.14927273  0.04227273  0.04227273
 0.04227273  0.04363636 -0.95619835 -0.68770053 -0.43454545 -0.14763636  0.04363636  0.04363636
 0.04363636  0.04500000 -0.95340909 -0.68529412 -0.43250000 -0.14600000  0.04500000  0.04500000
 0.04500000  0.04636364 -0.95061983 -0.68288770 -0.43045455 -0.14436364  0.04636364  0.04636364
 0.04636364  0.04772727 -0.94783058 -0.68048128 -0.42840909 -0.14272727  0.04772727  0.04772727
 0.04772727  0.04909091 -0.94504132 -0.67807487 -0.42636364 -0.14109091  0.04909091  0.04909091
 0.04909091  0.05045455 -0.94225207 -0.67566845 -0.42431818 -0.13945455  0.05045455  0.05045455
 0.05045455  0.05181818 -0.93946281 -0.67326203 -0.42227273 -0.13781818  0.05181818  0.05181818
 0.05181818  0.05318182 -0.93667355 -0.67085561 -0.42022727 -0.13618182  0.05318182  0.05318182
 0.05318182  0.05454545 -0.93388430 -0.66844920 -0.41818182 -0.13454545  0.05454545  0.05454545
 0.05454545  0.05590909 -0.93109504 -0.66604278 -0.41613636 -0.13290909  0.05590909  0.05590909
 0.05590909  0.05727273 -0.92830579 -0.66363636 -0.41409091 -0.13127273  0.05727273  0.05727273
 0.05727273  0.05863636 -0.92551653 -0.66122995 -0.41204545 -0.12963636  0.05863636  0.05863636
 0.05863636  0.06000000 -0.92272727 -0.65882353 -0.41000000 -0.12800000  0.06000000  0.06000000
 0.06000000  0.06136364 -0.91993802 -0.65641711 -0.40795455 -0.12636364  0.06136364  0.06136364
 0.06136364  0.06272727 -0.91714876 -0.65401070 -0.40590909 -0.12472727  0.06272727  0.06272727
 0.06272727  0.06409091 -0.91435950 -0.65160428 -0.40386364 -0.12309091  0.06409091  0.06409091
 0.06409091  0.06545455 -0.91157025 -0.64919786 -0.40181818 -0.12145455  0.06545455  0.06545455
 0.06545455  0.06681818 -0.90878099 -0.64679144 -0.39977273 -0.11981818  0.06681818  0.06681818
 0.06681818  0.06818182 -0.90599174 -0.64438503 -0.39772727 -0.11818182  0.06818182  0.06818182
 0.06818182  0.06954545 -0.90320248 -0.64197861 -0.39568182 -0.11654545  0.06954545  0.06954545
 0.06954545  0.07090909 -0.90041322 -0.63957219 -0.39363636 -0.11490909  0.07090909  0.07090909
 0.07090909  0.07227273 -0.89762397 -0.63716578 -0.39159091 -0.11327273  0.07227273  0.07227273
 0.07227273  0.07363636 -0.89483471 -0.63475936 -0.38954545 -0.11163636  0.07363636  0.07363636
 0.07363636  0.07500000 -0.89204545 -0.63235294 -0.38750000 -0.11000000  0.07500000  0.07500000
 0.07500000  0.07636364 -0.88925620 -0.62994652 -0.38545455 -0.10836364  0.07636364  0.07636364
 0.07636364  0.07772727 -0.88646694 -0.62754011 -0.38340909 -0.10672727  0.07772727  0.07772727
 0.07772727  0.07909091 -0.88367769 -0.62513369 -0.38136364 -0.10509091  0.07909091  0.07909091
 0.07909091  0.08045455 -0.88088843 -0.62272727 -0.37931818 -0.10345455  0.08045455  0.08045455
 0.08045455  0.08181818 -0.87809917 -0.62032086 -0.37727273 -0.10181818  0.08181818  0.08181818
 0.08181818  0.08318182 -0.87530992 -0.61791444 -0.37522727 -0.10018182  0.08318182  0.08318182
 0.08318182  0.08454545 -0.87252066 -0.61550802 -0.37318182 -0.09854545  0.08454545  0.08454545
 0.08454545  0.08590909 -0.86973140 -0.61310160 -0.37113636 -0.09690909  0.08590909  0.08590909
 0.08590909  0.08727273 -0.86694215 -0.61069519 -0.36909091 -0.09527273  0.08727273  0.08727273
 0.08727273  0.08863636 -0.86415289 -0.60828877 -0.36704545 -0.09363636  0.08863636  0.08863636
 0.08863636  0.09000000 -0.86136364 -0.60588235 -0.36500000 -0.09200000  0.09000000  0.09000000
 0.09000000  0.09136364 -0.85857438 -0.60347594 -0.36295455 -0.09036364  0.09136364  0.09136364
 0.09136364  0.09272727 -0.85578512 -0.60106952 -0.36090909 -0.08872727  0.09272727  0.09272727
 0.09272727  0.09409091 -0.85299587 -0.59866310 -0.35886364 -0.08709091  0.09409091  0.09409091
 0.09409091  0.09545455 -0.85020661 -0.59625668 -0.35681818 -0.08545455  0.09545455  0.09545455
 0.09545455  0.09681818 -0.84741736 -0.59385027 -0.35477273 -0.08381818  0.09681818  0.09681818
 0.09681818  0.09818182 -0.84462810 -0.59144385 -0.35272727 -0.08218182  0.09818182  0.09818182
 0.09818182  0.09954545 -0.84183884 -0.58903743 -0.35068182 -0.08054545  0.09954545  0.09954545
 0.09954545  0.10090909 -0.83904959 -0.58663102 -0.34863636 -0.07890909  0.10090909  0.10090909
 0.10090909  0.10227273 -0.83626033 -0.58422460 -0.34659091 -0.07727273  0.10227273  0.10227273
 0.10227273  0.10363636 -0.83347107 -0.58181818 -0.34454545 -0.07563636  0.10363636  0.10363636
 0.10363636  0.10500000 -0.83068182 -0.57941176 -0.34250000 -0.07400000  0.10500000  0.10500000
 0.10500000  0.10636364 -0.82789256 -0.57700535 -0.34045455 -0.07236364  0.10636364  0.10636364
 0.10636364  0.10772727 -0.82510331 -0.57459893 -0.33840909 -0.07072727  0.10772727  0.10772727
 0.10772727  0.10909091 -0.82231405 -0.57219251 -0.33636364 -0.06909091  0.10909091  0.10909091
 0.10909091  0.11045455 -0.81952479 -0.56978610 -0.33431818 -0.06745455  0.11045455  0.11045455
 0.11045455  0.11181818 -0.81673554 -0.56737968 -0.33227273 -0.06581818  0.11181818  0.11181818
 0.11181818  0.11318182 -0.81394628 -0.56497326 -0.33022727 -0.06418182  0.11318182  0.11318182
 0.11318182  0.11454545 -0.81115702 -0.56256684 -0.32818182 -0.06254545  0.11454545  0.11454545
 0.11454545  0.11590909 -0.80836777 -0.56016043 -0.32613636 -0.06090909  0.11590909  0.11590909
 0.11590909  0.11727273 -0.80557851 -0.55775401 -0.32409091 -0.05927273  0.11727273  0.11727273
 0.11727273  0.11863636 -0.80278926 -0.55534759 -0.32204545 -0.05763636  0.11863636  0.11863636
 0.11863636  0.12000000 -0.80000000 -0.55294118 -0.32000000 -0.05600000  0.12000000  0.12000000
 0.12000000  0.12136364 -0.79721074 -0.55053476 -0.31795455 -0.05436364  0.12136364  0.12136364
 0.12136364  0.12272727 -0.79442149 -0.54812834 -0.31590909 -0.05272727  0.12272727  0.12272727
 0.12272727  0.12409091 -0.79163223 -0.54572193 -0.31386364 -0.05109091  0.12409091  0.12409091
 0.12409091  0.12545455 -0.78884298 -0.54331551 -0.31181818 -0.04945455  0.12545455  0.12545455
 0.12545455  0.12681818 -0.78605372 -0.54090909 -0.30977273 -0.04781818  0.12681818  0.12681818
 0.12681818  0.12818182 -0.78326446 -0.53850267 -0.30772727 -0.04618182  0.12818182  0.12818182
 0.12818182  0.12954545 -0.78047521 -0.53609626 -0.30568182 -0.04454545  0.12954545  0.12954545
 0.12954545  0.13090909 -0.77768595 -0.53368984 -0.30363636 -0.04290909  0.13090909  0.13090909
 0.13090909  0.13227273 -0.77489669 -0.53128342 -0.30159091 -0.04127273  0.13227273  0.13227273
 0.13227273  0.13363636 -0.77210744 -0.52887701 -0.29954545 -0.03963636  0.13363636  0.13363636
 0.13363636  0.13500000 -0.76931818 -0.52647059 -0.29750000 -0.03800000  0.13500000  0.13500000
 0.13500000  0.13636364 -0.76652893 -0.52406417 -0.29545455 -0.03636364  0.13636364  0.13636364
 0.13636364  0.13772727 -0.76373967 -0.52165775 -0.29340909 -0.03472727  0.13772727  0.13772727
 0.13772727  0.13909091 -0.76095041 -0.51925134 -0.29136364 -0.03309091  0.13909091  0.13909091
 0.13909091  0.14045455 -0.75816116 -0.51684492 -0.28931818 -0.03145455  0.14045455  0.14045455
 0.14045455  0.14181818 -0.75537190 -0.51443850 -0.28727273 -0.02981818  0.14181818  0.14181818
 0.14181818  0.14318182 -0.75258264 -0.51203209 -0.28522727 -0.02818182  0.14318182  0.14318182
 0.14318182  0.14454545 -0.74979339 -0.50962567 -0.28318182 -0.02654545  0.14454545  0.14454545
 0.14454545  0.14590909 -0.74700413 -0.50721925 -0.28113636 -0.02490909  0.14590909  0.14590909
 0.14590909  0.14727273 -0.74421488 -0.50481283 -0.27909091 -0.02327273  0.14727273  0.14727273
 0.14727273  0.14863636 -0.74142562 -0.50240642 -0.27704545 -0.02163636  0.14863636  0.14863636
 0.14863636  0.15000000 -0.73863636 -0.50000000 -0.27500000 -0.02000000  0.15000000  0.15000000
 0.15000000  0.15136364 -0.73584711 -0.49759358 -0.27295455 -0.01836364  0.15136364  0.15136364
 0.15136364  0.15272727 -0.73305785 -0.49518717 -0.27090909 -0.01672727  0.15272727  0.15272727
 0.15272727  0.15409091 -0.73026860 -0.49278075 -0.26886364 -0.01509091  0.15409091  0.15409091
 0.15409091  0.15545455 -0.72747934 -0.49037433 -0.26681818 -0.01345455  0.15545455  0.15545455
 0.15545455  0.15681818 -0.72469008 -0.48796791 -0.26477273 -0.01181818  0.15681818  0.15681818
 0.15681818  0.15818182 -0.72190083 -0.48556150 -0.26272727 -0.01018182  0.15818182  0.15818182
 0.15818182  0.15954545 -0.71911157 -0.48315508 -0.26068182 -0.00854545  0.15954545  0.15954545
 0.15954545  0.16090909 -0.71632231 -0.48074866 -0.25863636 -0.00690909  0.16090909  0.16090909
 0.16090909  0.16227273 -0.71353306 -0.47834225 -0.25659091 -0.00527273  0.16227273  0.16227273
 0.16227273  0.16363636 -0.71074380 -0.47593583 -0.25454545 -0.00363636  0.16363636  0.16363636
 0.16363636  0.16500000 -0.70795455 -0.47352941 -0.25250000 -0.00200000  0.16500000  0.16500000
 0.16500000  0.16636364 -0.70516529 -0.47112299 -0.25045455 -0.00036364  0.16636364  0.16636364
 0.16636364  0.16772727 -0.70237603 -0.46871658 -0.24840909  0.00127273  0.16772727  0.16772727
 0.16772727  0.16909091 -0.69958678 -0.46631016 -0.24636364  0.00290909  0.16909091  0.16909091
 0.16909091  0.17045455 -0.69679752 -0.46390374 -0.24431818  0.00454545  0.17045455  0.17045455
 0.17045455  0.17181818 -0.69400826 -0.46149733 -0.24227273  0.00618182  0.17181818  0.17181818
 0.17181818  0.17318182 -0.69121901 -0.45909091 -0.24022727  0.00781818  0.17318182  0.17318182
 0.17318182  0.17454545 -0.68842975 -0.45668449 -0.23818182  0.00945455  0.17454545  0.17454545
 0.17454545  0.17590909 -0.68564050 -0.45427807 -0.23613636  0.01109091  0.17590909  0.17590909
 0.17590909  0.17727273 -0.68285124 -0.45187166 -0.23409091  0.01272727  0.17727273  0.17727273
 0.17727273  0.17863636 -0.68006198 -0.44946524 -0.23204545  0.01436364  0.17863636  0.17863636
 0.17863636  0.18000000 -0.67727273 -0.44705882 -0.23000000  0.01600000  0.18000000  0.18000000
 0.18000000  0.18136364 -0.67448347 -0.44465241 -0.22795455  0.01763636  0.18136364  0.18136364
 0.18136364  0.18272727 -0.67169421 -0.44224599 -0.22590909  0.01927273  0.18272727  0.18272727
 0.18272727  0.18409091 -0.66890496 -0.43983957 -0.22386364  0.02090909  0.18409091  0.18409091
 0.18409091  0.18545455 -0.66611570 -0.43743316 -0.22181818  0.02254545  0.18545455  0.18545455
 0.18545455  0.18681818 -0.66332645 -0.43502674 -0.21977273  0.02418182  0.18681818  0.18681818
 0.18681818  0.18818182 -0.66053719 -0.43262032 -0.21772727  0.02581818  0.18818182  0.18818182
 0.18818182  0.18954545 -0.65774793 -0.43021390 -0.21568182  0.02745455  0.18954545  0.18954545
 0.18954545  0.19090909 -0.65495868 -0.42780749 -0.21363636  0.02909091  0.19090909  0.19090909
 0.19090909  0.19227273 -0.65216942 -0.42540107 -0.21159091  0.03072727  0.19227273  0.19227273
 0.19227273  0.19363636 -0.64938017 -0.42299465 -0.20954545  0.03236364  0.19363636  0.19363636
 0.19363636  0.19500000 -0.64659091 -0.42058824 -0.20750000  0.03400000  0.19500000  0.19500000
 0.19500000  0.19636364 -0.64380165 -0.41818182 -0.20545455  0.03563636  0.19636364  0.19636364
 0.19636364  0.19772727 -0.64101240 -0.41577540 -0.20340909  0.03727273  0.19772727  0.19772727
 0.19772727  0.19909091 -0.63822314 -0.41336898 -0.20136364  0.03890909  0.19909091  0.19909091
 0.19909091  0.20045455 -0.63543388 -0.41096257 -0.19931818  0.04054545  0.20045455  0.20045455
 0.20045455  0.20181818 -0.63264463 -0.40855615 -0.19727273  0.04218182  0.20181818  0.20181818
 0.20181818  0.20318182 -0.62985537 -0.40614973 -0.19522727  0.04381818  0.20318182  0.20318182
 0.20318182  0.20454545 -0.62706612 -0.40374332 -0.19318182  0.04545455  0.20454545  0.20454545
 0.20454545  0.20590909 -0.62427686 -0.40133690 -0.19113636  0.04709091  0.20590909  0.20590909
 0.20590909  0.20727273 -0.62148760 -0.39893048 -0.18909091  0.04872727  0.20727273  0.20727273
 0.20727273  0.20863636 -0.61869835 -0.39652406 -0.18704545  0.05036364  0.20863636  0.20863636
 0.20863636  0.21000000 -0.61590909 -0.39411765 -0.18500000  0.05200000  0.21000000  0.21000000
 0.21000000  0.21136364 -0.61311983 -0.39171123 -0.18295455  0.05363636  0.21136364  0.21136364
 0.21136364  0.21272727 -0.61033058 -0.38930481 -0.18090909  0.05527273  0.21272727  0.21272727
 0.21272727  0.21409091 -0.60754132 -0.38689840 -0.17886364  0.05690909  0.21409091  0.21409091
 0.21409091  0.21545455 -0.60475207 -0.38449198 -0.17681818  0.05854545  0.21545455  0.21545455
 0.21545455  0.21681818 -0.60196281 -0.38208556 -0.17477273  0.06018182  0.21681818  0.21681818
 0.21681818  0.21818182 -0.59917355 -0.37967914 -0.17272727  0.06181818  0.21818182  0.21818182
 0.21818182  0.21954545 -0.59638430 -0.37727273 -0.17068182  0.06345455  0.21954545  0.21954545
 0.21954545  0.22090909 -0.59359504 -0.37486631 -0.16863636  0.06509091  0.22090909  0.22090909
 0.22090909  0.22227273 -0.59080579 -0.37245989 -0.16659091  0.06672727  0.22227273  0.22227273
 0.22227273  0.22363636 -0.58801653 -0.37005348 -0.16454545  0.06836364  0.22363636  0.22363636
 0.22363636  0.22500000 -0.58522727 -0.36764706 -0.16250000  0.07000000  0.22500000  0.22500000
 0.22500000  0.22636364 -0.58243802 -0.36524064 -0.16045455  0.07163636  0.22636364  0.22636364
 0.22636364  0.22772727 -0.57964876 -0.36283422 -0.15840909  0.07327273  0.22772727  0.22772727
 0.22772727  0.22909091 -0.57685950 -0.36042781 -0.15636364  0.07490909  0.22909091  0.22909091
 0.22909091  0.23045455 -0.57407025 -0.35802139 -0.15431818  0.07654545  0.23045455  0.23045455
 0.23045455  0.23181818 -0.57128099 -0.35561497 -0.15227273  0.07818182  0.23181818  0.23181818
 0.23181818  0.23318182 -0.56849174 -0.35320856 -0.15022727  0.07981818  0.23318182  0.23318182
 0.23318182  0.23454545 -0.56570248 -0.35080214 -0.14818182  0.08145455  0.23454545  0.23454545
 0.23454545  0.23590909 -0.56352922 -0.34892717 -0.14658810  0.08272952  0.23560794  0.23560794
 0.23590909  0.23727273 -0.56261646 -0.34813969 -0.14591874  0.08326501  0.23605418  0.23605418
 0.23727273  0.23863636 -0.56170370 -0.34735221 -0.14524938  0.08380050  0.23650041  0.23650041
 0.23863636  0.24000000 -0.56079094 -0.34656473 -0.14458002  0.08433598  0.23694665  0.23694665
 0.24000000  0.24136364 -0.55987817 -0.34577725 -0.14391066  0.08487147  0.23739289  0.23739289
 0.24136364  0.24272727 -0.55896541 -0.34498977 -0.14324130  0.08540696  0.23783913  0.23783913
 0.24272727  0.24409091 -0.55805265 -0.34420229 -0.14257194  0.08594244  0.23828537  0.23828537
 0.24409091  0.24545455 -0.55713989 -0.34341481 -0.14190259  0.08647793  0.23873161  0.23873161
 0.24545455  0.24681818 -0.55622713 -0.34262733 -0.14123323  0.08701342  0.23917785  0.23917785
 0.24681818  0.24818182 -0.55531437 -0.34183984 -0.14056387  0.08754891  0.23962409  0.23962409
 0.24818182  0.24954545 -0.55440160 -0.34105236 -0.13989451  0.08808439  0.24007033  0.24007033
 0.24954545  0.25090909 -0.55348884 -0.34026488 -0.13922515  0.08861988  0.24051657  0.24051657
 0.25090909  0.25227273 -0.55257608 -0.33947740 -0.13855579  0.08915537  0.24096281  0.24096281
 0.25227273  0.25363636 -0.55166332 -0.33868992 -0.13788643  0.08969085  0.24140904  0.24140904
 0.25363636  0.25500000 -0.55075056 -0.33790244 -0.13721708  0.09022634  0.24185528  0.24185528
 0.25500000  0.25636364 -0.54983780 -0.33711496 -0.13654772  0.09076183  0.24230152  0.24230152
 0.25636364  0.25772727 -0.54892503 -0.33632748 -0.13587836  0.09129731  0.24274776  0.24274776
 0.25772727  0.25909091 -0.54801227 -0.33554000 -0.13520900  0.09183280  0.24319400  0.24319400
 0.25909091  0.26045455 -0.54709951 -0.33475252 -0.13453964  0.09236829  0.24364024  0.24364024
 0.26045455  0.26181818 -0.54618675 -0.33396504 -0.13387028  0.09290377  0.24408648  0.24408648
 0.26181818  0.26318182 -0.54527399 -0.33317756 -0.13320092  0.09343926  0.24453272  0.24453272
 0.26318182  0.26454545 -0.54436122 -0.33239008 -0.13253156  0.09397475  0.24497896  0.24497896
 0.26454545  0.26590909 -0.54344846 -0.33160260 -0.13186221  0.09451024  0.24542520  0.24542520
 0.26590909  0.26727273 -0.54253570 -0.33081511 -0.13119285  0.09504572  0.24587144  0.24587144
 0.26727273  0.26863636 -0.54162294 -0.33002763 -0.13052349  0.09558121  0.24631767  0.24631767
 0.26863636  0.27000000 -0.54071018 -0.32924015 -0.12985413  0.09611670  0.24676391  0.24676391
 0.27000000  0.27136364 -0.53979742 -0.32845267 -0.12918477  0.09665218  0.24721015  0.24721015
 0.27136364  0.27272727 -0.53888465 -0.32766519 -0.12851541  0.09718767  0.24765639  0.24765639
 0.27272727  0.27409091 -0.53797189 -0.32687771 -0.12784605  0.09772316  0.24810263  0.24810263
 0.27409091  0.27545455 -0.53705913 -0.32609023 -0.12717670  0.09825864  0.24854887  0.24854887
 0.27545455  0.27681818 -0.53614637 -0.32530275 -0.12650734  0.09879413  0.24899511  0.24899511
 0.27681818  0.27818182 -0.53523361 -0.32451527 -0.12583798  0.09932962  0.24944135  0.24944135
 0.27818182  0.27954545 -0.53432085 -0.32372779 -0.12516862  0.09986510  0.24988759  0.24988759
 0.27954545  0.28090909 -0.53340808 -0.32294031 -0.12449926  0.10040059  0.25033383  0.25033383
 0.28090909  0.28227273 -0.53249532 -0.32215283 -0.12382990  0.10093608  0.25078006  0.25078006
 0.28227273  0.28363636 -0.53158256 -0.32136535 -0.12316054  0.10147156  0.25122630  0.25122630
 0.28363636  0.28500000 -0.53066980 -0.32057787 -0.12249119  0.10200705  0.25167254  0.25167254
 0.28500000  0.28636364 -0.52975704 -0.31979038 -0.12182183  0.10254254  0.25211878  0.25211878
 0.28636364  0.28772727 -0.52884427 -0.31900290 -0.12115247  0.10307803  0.25256502  0.25256502
 0.28772727  0.28909091 -0.52793151 -0.31821542 -0.12048311  0.10361351  0.25301126  0.25301126
 0.28909091  0.29045455 -0.52701875 -0.31742794 -0.11981375  0.10414900  0.25345750  0.25345750
 0.29045455  0.29181818 -0.52610599 -0.31664046 -0.11914439  0.10468449  0.25390374  0.25390374
 0.29181818  0.29318182 -0.52519323 -0.31585298 -0.11847503  0.10521997  0.25434998  0.25434998
 0.29318182  0.29454545 -0.52428047 -0.31506550 -0.11780567  0.10575546  0.25479622  0.25479622
 0.29454545  0.29590909 -0.52336770 -0.31427802 -0.11713632  0.10629095  0.25524246  0.25524246
 0.29590909  0.29727273 -0.52245494 -0.31349054 -0.11646696  0.10682643  0.25568869  0.25568869
 0.29727273  0.29863636 -0.52154218 -0.31270306 -0.11579760  0.10736192  0.25613493  0.25613493
 0.29863636  0.30000000 -0.52062942 -0.31191558 -0.11512824  0.10789741  0.25658117  0.25658117
 0.30000000  0.30136364 -0.51971666 -0.31112810 -0.11445888  0.10843289  0.25702741  0.25702741
 0.30136364  0.30272727 -0.51880390 -0.31034062 -0.11378952  0.10896838  0.25747365  0.25747365
 0.30272727  0.30409091 -0.51789113 -0.30955313 -0.11312016  0.10950387  0.25791989  0.25791989
 0.30409091  0.30545455 -0.51697837 -0.30876565 -0.11245081  0.11003936  0.25836613  0.25836613
 0.30545455  0.30681818 -0.51606561 -0.30797817 -0.11178145  0.11057484  0.25881237  0.25881237
 0.30681818  0.30818182 -0.51515285 -0.30719069 -0.11111209  0.11111033  0.25925861  0.25925861
 0.30818182  0.30954545 -0.51424009 -0.30640321 -0.11044273  0.11164582  0.25970485  0.25970485
 0.30954545  0.31090909 -0.51332732 -0.30561573 -0.10977337  0.11218130  0.26015109  0.26015109
 0.31090909  0.31227273 -0.51241456 -0.30482825 -0.10910401  0.11271679  0.26059732  0.26059732
 0.31227273  0.31363636 -0.51150180 -0.30404077 -0.10843465  0.11325228  0.26104356  0.26104356
 0.31363636  0.31500000 -0.51058904 -0.30325329 -0.10776530  0.11378776  0.26148980  0.26148980
 0.31500000  0.31636364 -0.50967628 -0.30246581 -0.10709594  0.11432325  0.26193604  0.26193604
 0.31636364  0.31772727 -0.50876352 -0.30167833 -0.10642658  0.11485874  0.26238228  0.26238228
 0.31772727  0.31909091 -0.50785075 -0.30089085 -0.10575722  0.11539422  0.26282852  0.26282852
 0.31909091  0.32045455 -0.50693799 -0.30010337 -0.10508786  0.11592971  0.26327476  0.26327476
 0.32045455  0.32181818 -0.50602523 -0.29931589 -0.10441850  0.11646520  0.26372100  0.26372100
 0.32181818  0.32318182 -0.50511247 -0.29852840 -0.10374914  0.11700069  0.26416724  0.26416724
 0.32318182  0.32454545 -0.50419971 -0.29774092 -0.10307979  0.11753617  0.26461348  0.26461348
 0.32454545  0.32590909 -0.50328695 -0.29695344 -0.10241043  0.11807166  0.26505972  0.26505972
 0.32590909  0.32727273 -0.50237418 -0.29616596 -0.10174107  0.11860715  0.26550595  0.26550595
 0.32727273  0.32863636 -0.50146142 -0.29537848 -0.10107171  0.11914263  0.26595219  0.26595219
 0.32863636  0.33000000 -0.50054866 -0.29459100 -0.10040235  0.11967812  0.26639843  0.26639843
 0.33000000  0.33136364 -0.49963590 -0.29380352 -0.09973299  0.12021361  0.26684467  0.26684467
 0.33136364  0.33272727 -0.49872314 -0.29301604 -0.09906363  0.12074909  0.26729091  0.26729091
 0.33272727  0.33409091 -0.49781037 -0.29222856 -0.09839427  0.12128458  0.26773715  0.26773715
 0.33409091  0.33545455 -0.49689769 -0.29144115 -0.09772498  0.12182002  0.26818335  0.26818335
 0.33545455  0.33681818 -0.49601257 -0.29067751 -0.09707588  0.12233930  0.26861608  0.26861608
 0.33681818  0.33818182 -0.49513186 -0.28991768 -0.09643003  0.12285598  0.26904665  0.26904665
 0.33818182  0.33954545 -0.49425115 -0.28915786 -0.09578418  0.12337266  0.26947721  0.26947721
 0.33954545  0.34090909 -0.49337045 -0.28839803 -0.09513833  0.12388934  0.26990778  0.26990778
 0.34090909  0.34227273 -0.49248974 -0.28763821 -0.09449248  0.12440602  0.27033835  0.27033835
 0.34227273  0.34363636 -0.49160903 -0.28687838 -0.09384663  0.12492270  0.27076892  0.27076892
 0.34363636  0.34500000 -0.49072833 -0.28611856 -0.09320077  0.12543938  0.27119948  0.27119948
 0.34500000  0.34636364 -0.48984762 -0.28535873 -0.09255492  0.12595606  0.27163005  0.27163005
 0.34636364  0.34772727 -0.48896692 -0.28459891 -0.09190907  0.12647274  0.27206062  0.27206062
 0.34772727  0.34909091 -0.48808621 -0.28383908 -0.09126322  0.12698942  0.27249119  0.27249119
 0.34909091  0.35045455 -0.48720550 -0.28307926 -0.09061737  0.12750610  0.27292175  0.27292175
 0.35045455  0.35181818 -0.48632480 -0.28231943 -0.08997152  0.12802279  0.27335232  0.27335232
 0.35181818  0.35318182 -0.48544409 -0.28155961 -0.08932567  0.12853947  0.27378289  0.27378289
 0.35318182  0.35454545 -0.48456339 -0.28079978 -0.08867982  0.12905615  0.27421346  0.27421346
 0.35454545  0.35590909 -0.48368268 -0.28003996 -0.08803396  0.12957283  0.27464402  0.27464402
 0.35590909  0.35727273 -0.48280197 -0.27928013 -0.08738811  0.13008951  0.27507459  0.27507459
 0.35727273  0.35863636 -0.48192127 -0.27852031 -0.08674226  0.13060619  0.27550516  0.27550516
 0.35863636  0.36000000 -0.48104056 -0.27776048 -0.08609641  0.13112287  0.27593573  0.27593573
 0.36000000  0.36136364 -0.48015985 -0.27700066 -0.08545056  0.13163955  0.27636629  0.27636629
 0.36136364  0.36272727 -0.47927915 -0.27624083 -0.08480471  0.13215623  0.27679686  0.27679686
 0.36272727  0.36409091 -0.47839844 -0.27548101 -0.08415886  0.13267291  0.27722743  0.27722743
 0.36409091  0.36545455 -0.47751774 -0.27472118 -0.08351301  0.13318959  0.27765800  0.27765800
 0.36545455  0.36681818 -0.47663703 -0.27396136 -0.08286716  0.13370628  0.27808856  0.27808856
 0.36681818  0.36818182 -0.47575632 -0.27320153 -0.08222130  0.13422296  0.27851913  0.27851913
 0.36818182  0.36954545 -0.47487562 -0.27244171 -0.08157545  0.13473964  0.27894970  0.27894970
 0.36954545  0.37090909 -0.47399491 -0.27168188 -0.08092960  0.13525632  0.27938027  0.27938027
 0.37090909  0.37227273 -0.47311421 -0.27092206 -0.08028375  0.13577300  0.27981083  0.27981083
 0.37227273  0.37363636 -0.47223350 -0.27016224 -0.07963790  0.13628968  0.28024140  0.28024140
 0.37363636  0.37500000 -0.47135279 -0.26940241 -0.07899205  0.13680636  0.28067197  0.28067197
 0.37500000  0.37636364 -0.47047209 -0.26864259 -0.07834620  0.13732304  0.28110254  0.28110254
 0.37636364  0.37772727 -0.46959138 -0.26788276 -0.07770035  0.13783972  0.28153310  0.28153310
 0.37772727  0.37909091 -0.46871068 -0.26712294 -0.07705450  0.13835640  0.28196367  0.28196367
 0.37909091  0.38045455 -0.46782997 -0.26636311 -0.07640864  0.13887308  0.28239424  0.28239424
 0.38045455  0.38181818 -0.46694926 -0.26560329 -0.07576279  0.13938977  0.28282480  0.28282480
 0.38181818  0.38318182 -0.46606856 -0.26484346 -0.07511694  0.13990645  0.28325537  0.28325537
 0.38318182  0.38454545 -0.46518785 -0.26408364 -0.07447109  0.14042313  0.28368594  0.28368594
 0.38454545  0.38590909 -0.46430714 -0.26332381 -0.07382524  0.14093981  0.28411651  0.28411651
 0.38590909  0.38727273 -0.46342644 -0.26256399 -0.07317939  0.14145649  0.28454707  0.28454707
 0.38727273  0.38863636 -0.46254573 -0.26180416 -0.07253354  0.14197317  0.28497764  0.28497764
 0.38863636  0.39000000 -0.46166503 -0.26104434 -0.07188769  0.14248985  0.28540821  0.28540821
 0.39000000  0.39136364 -0.46078432 -0.26028451 -0.07124183  0.14300653  0.28583878  0.28583878
 0.39136364  0.39272727 -0.45990361 -0.25952469 -0.07059598  0.14352321  0.28626934  0.28626934
 0.39272727  0.39409091 -0.45902291 -0.25876486 -0.06995013  0.14403989  0.28669991  0.28669991
 0.39409091  0.39545455 -0.45814220 -0.25800504 -0.06930428  0.14455658  0.28713048  0.28713048
 0.39545455  0.39681818 -0.45726150 -0.25724521 -0.06865843  0.14507326  0.28756105  0.28756105
 0.39681818  0.39818182 -0.45638079 -0.25648539 -0.06801258  0.14558994  0.28799161  0.28799161
 0.39818182  0.39954545 -0.45550008 -0.25572556 -0.06736673  0.14610662  0.28842218  0.28842218
 0.39954545  0.40090909 -0.45461938 -0.25496574 -0.06672088  0.14662330  0.28885275  0.28885275
 0.40090909  0.40227273 -0.45373867 -0.25420591 -0.06607503  0.14713998  0.28928332  0.28928332
 0.40227273  0.40363636 -0.45285796 -0.25344609 -0.06542917  0.14765666  0.28971388  0.28971388
 0.40363636  0.40500000 -0.45197726 -0.25268626 -0.06478332  0.14817334  0.29014445  0.29014445
 0.40500000  0.40636364 -0.45109655 -0.25192644 -0.06413747  0.14869002  0.29057502  0.29057502
 0.40636364  0.40772727 -0.45021585 -0.25116661 -0.06349162  0.14920670  0.29100559  0.29100559
 0.40772727  0.40909091 -0.44933514 -0.25040679 -0.06284577  0.14972338  0.29143615  0.29143615
 0.40909091  0.41045455 -0.44845443 -0.24964696 -0.06219992  0.15024007  0.29186672  0.29186672
 0.41045455  0.41181818 -0.44757373 -0.24888714 -0.06155407  0.15075675  0.29229729  0.29229729
 0.41181818  0.41318182 -0.44669302 -0.24812731 -0.06090822  0.15127343  0.29272786  0.29272786
 0.41318182  0.41454545 -0.44581232 -0.24736749 -0.06026236  0.15179011  0.29315842  0.29315842
 0.41454545  0.41590909 -0.44493161 -0.24660766 -0.05961651  0.15230679  0.29358899  0.29358899
 0.41590909  0.41727273 -0.44405090 -0.24584784 -0.05897066  0.15282347  0.29401956  0.29401956
 0.41727273  0.41863636 -0.44317020 -0.24508801 -0.05832481  0.15334015  0.29445013  0.29445013
 0.41863636  0.42000000 -0.44228949 -0.24432819 -0.05767896  0.15385683  0.29488069  0.29488069
 0.42000000  0.42136364 -0.44140879 -0.24356836 -0.05703311  0.15437351  0.29531126  0.29531126
 0.42136364  0.42272727 -0.44052808 -0.24280854 -0.05638726  0.15489019  0.29574183  0.29574183
 0.42272727  0.42409091 -0.43964737 -0.24204871 -0.05574141  0.15540687  0.29617240  0.29617240
 0.42409091  0.42545455 -0.43876667 -0.24128889 -0.05509556  0.15592356  0.29660296  0.29660296
 0.42545455  0.42681818 -0.43788596 -0.24052906 -0.05444970  0.15644024  0.29703353  0.29703353
 0.42681818  0.42818182 -0.43700525 -0.23976924 -0.05380385  0.15695692  0.29746410  0.29746410
 0.42818182  0.42954545 -0.43612455 -0.23900941 -0.05315800  0.15747360  0.29789467  0.29789467
 0.42954545  0.43090909 -0.43524384 -0.23824959 -0.05251215  0.15799028  0.29832523  0.29832523
 0.43090909  0.43227273 -0.43436314 -0.23748976 -0.05186630  0.15850696  0.29875580  0.29875580
 0.43227273  0.43363636 -0.43348243 -0.23672994 -0.05122045  0.15902364  0.29918637  0.29918637
 0.43363636  0.43500000 -0.43260172 -0.23597011 -0.05057460  0.15954032  0.29961694  0.29961694
 0.43500000  0.43636364 -0.43172102 -0.23521029 -0.04992875  0.16005700  0.30004750  0.30004750
 0.43636364  0.43772727 -0.43084031 -0.23445046 -0.04928290  0.16057368  0.30047807  0.30047807
 0.43772727  0.43909091 -0.42995961 -0.23369064 -0.04863704  0.16109036  0.30090864  0.30090864
 0.43909091  0.44045455 -0.42907890 -0.23293081 -0.04799119  0.16160705  0.30133920  0.30133920
 0.44045455  0.44181818 -0.42819819 -0.23217099 -0.04734534  0.16212373  0.30176977  0.30176977
 0.44181818  0.44318182 -0.42731749 -0.23141117 -0.04669949  0.16264041  0.30220034  0.30220034
 0.44318182  0.44454545 -0.42643678 -0.23065134 -0.04605364  0.16315709  0.30263091  0.30263091
 0.44454545  0.44590909 -0.42555607 -0.22989152 -0.04540779  0.16367377  0.30306147  0.30306147
 0.44590909  0.44727273 -0.42467537 -0.22913169 -0.04476194  0.16419045  0.30349204  0.30349204
 0.44727273  0.44863636 -0.42379466 -0.22837187 -0.04411609  0.16470713  0.30392261  0.30392261
 0.44863636  0.45000000 -0.42291396 -0.22761204 -0.04347023  0.16522381  0.30435318  0.30435318
 0.45000000  0.45136364 -0.42203325 -0.22685222 -0.04282438  0.16574049  0.30478374  0.30478374
 0.45136364  0.45272727 -0.42115254 -0.22609239 -0.04217853  0.16625717  0.30521431  0.30521431
 0.45272727  0.45409091 -0.42027184 -0.22533257 -0.04153268  0.16677386  0.30564488  0.30564488
 0.45409091  0.45545455 -0.41939113 -0.22457274 -0.04088683  0.16729054  0.30607545  0.30607545
 0.45545455  0.45681818 -0.41851043 -0.22381292 -0.04024098  0.16780722  0.30650601  0.30650601
 0.45681818  0.45818182 -0.41762972 -0.22305309 -0.03959513  0.16832390  0.30693658  0.30693658
 0.45818182  0.45954545 -0.41674901 -0.22229327 -0.03894928  0.16884058  0.30736715  0.30736715
 0.45954545  0.46090909 -0.41586831 -0.22153344 -0.03830343  0.16935726  0.30779772  0.30779772
 0.46090909  0.46227273 -0.41498760 -0.22077362 -0.03765757  0.16987394  0.30822828  0.30822828
 0.46227273  0.46363636 -0.41410689 -0.22001379 -0.03701172  0.17039062  0.30865885  0.30865885
 0.46363636  0.46500000 -0.41322619 -0.21925397 -0.03636587  0.17090730  0.30908942  0.30908942
 0.46500000  0.46636364 -0.41234548 -0.21849414 -0.03572002  0.17142398  0.30951999  0.30951999
 0.46636364  0.46772727 -0.41146478 -0.21773432 -0.03507417  0.17194066  0.30995055  0.30995055
 0.46772727  0.46909091 -0.41058407 -0.21697449 -0.03442832  0.17245735  0.31038112  0.31038112
 0.46909091  0.47045455 -0.40970336 -0.21621467 -0.03378247  0.17297403  0.31081169  0.31081169
 0.47045455  0.47181818 -0.40882266 -0.21545484 -0.03313662  0.17349071  0.31124226  0.31124226
 0.47181818  0.47318182 -0.40794195 -0.21469502 -0.03249076  0.17400739  0.31167282  0.31167282
 0.47318182  0.47454545 -0.40706125 -0.21393519 -0.03184491  0.17452407  0.31210339  0.31210339
 0.47454545  0.47590909 -0.40618054 -0.21317537 -0.03119906  0.17504075  0.31253396  0.31253396
 0.47590909  0.47727273 -0.40529983 -0.21241554 -0.03055321  0.17555743  0.31296453  0.31296453
 0.47727273  0.47863636 -0.40441913 -0.21165572 -0.02990736  0.17607411  0.31339509  0.31339509
 0.47863636  0.48000000 -0.40353842 -0.21089589 -0.02926151  0.17659079  0.31382566  0.31382566
 0.48000000  0.48136364 -0.40265772 -0.21013607 -0.02861566  0.17710747  0.31425623  0.31425623
 0.48136364  0.48272727 -0.40177701 -0.20937624 -0.02796981  0.17762415  0.31468680  0.31468680
 0.48272727  0.48409091 -0.40089630 -0.20861642 -0.02732396  0.17814084  0.31511736  0.31511736
 0.48409091  0.48545455 -0.40001560 -0.20785659 -0.02667810  0.17865752  0.31554793  0.31554793
 0.48545455  0.48681818 -0.39913489 -0.20709677 -0.02603225  0.17917420  0.31597850  0.31597850
 0.48681818  0.48818182 -0.39825418 -0.20633694 -0.02538640  0.17969088  0.31640907  0.31640907
 0.48818182  0.48954545 -0.39737348 -0.20557712 -0.02474055  0.18020756  0.31683963  0.31683963
 0.48954545  0.49090909 -0.39649277 -0.20481729 -0.02409470  0.18072424  0.31727020  0.31727020
 0.49090909  0.49227273 -0.39561207 -0.20405747 -0.02344885  0.18124092  0.31770077  0.31770077
 0.49227273  0.49363636 -0.39473136 -0.20329764 -0.02280300  0.18175760  0.31813134  0.31813134
 0.49363636  0.49500000 -0.39385065 -0.20253782 -0.02215715  0.18227428  0.31856190  0.31856190
 0.49500000  0.49636364 -0.39296995 -0.20177799 -0.02151130  0.18279096  0.31899247  0.31899247
 0.49636364  0.49772727 -0.39208924 -0.20101817 -0.02086544  0.18330764  0.31942304  0.31942304
 0.49772727  0.49909091 -0.39120854 -0.20025834 -0.02021959  0.18382433  0.31985360  0.31985360
 0.49909091  0.50045455 -0.39032783 -0.19949852 -0.01957374  0.18434101  0.32028417  0.32028417
 0.50045455  0.50181818 -0.38944712 -0.19873869 -0.01892789  0.18485769  0.32071474  0.32071474
 0.50181818  0.50318182 -0.38856642 -0.19797887 -0.01828204  0.18537437  0.32114531  0.32114531
 0.50318182  0.50454545 -0.38768571 -0.19721904 -0.01763619  0.18589105  0.32157587  0.32157587
 0.50454545  0.50590909 -0.38680500 -0.19645922 -0.01699034  0.18640773  0.32200644  0.32200644
 0.50590909  0.50727273 -0.38592430 -0.19569939 -0.01634449  0.18692441  0.32243701  0.32243701
 0.50727273  0.50863636 -0.38504359 -0.19493957 -0.01569863  0.18744109  0.32286758  0.32286758
 0.50863636  0.51000000 -0.38416289 -0.19417975 -0.01505278  0.18795777  0.32329814  0.32329814
 0.51000000  0.51136364 -0.38328218 -0.19341992 -0.01440693  0.18847445  0.32372871  0.32372871
 0.51136364  0.51272727 -0.38240147 -0.19266010 -0.01376108  0.18899114  0.32415928  0.32415928
 0.51272727  0.51409091 -0.38152077 -0.19190027 -0.01311523  0.18950782  0.32458985  0.32458985
 0.51409091  0.51545455 -0.38064006 -0.19114045 -0.01246938  0.19002450  0.32502041  0.32502041
 0.51545455  0.51681818 -0.37975936 -0.19038062 -0.01182353  0.19054118  0.32545098  0.32545098
 0.51681818  0.51818182 -0.37887865 -0.18962080 -0.01117768  0.19105786  0.32588155  0.32588155
 0.51818182  0.51954545 -0.37799794 -0.18886097 -0.01053183  0.19157454  0.32631212  0.32631212
 0.51954545  0.52090909 -0.37711724 -0.18810115 -0.00988597  0.19209122  0.32674268  0.32674268
 0.52090909  0.52227273 -0.37623653 -0.18734132 -0.00924012  0.19260790  0.32717325  0.32717325
 0.52227273  0.52363636 -0.37535583 -0.18658150 -0.00859427  0.19312458  0.32760382  0.32760382
 0.52363636  0.52500000 -0.37447512 -0.18582167 -0.00794842  0.19364126  0.32803439  0.32803439
 0.52500000  0.52636364 -0.37359441 -0.18506185 -0.00730257  0.19415794  0.32846495  0.32846495
 0.52636364  0.52772727 -0.37271371 -0.18430202 -0.00665672  0.19467463  0.32889552  0.32889552
 0.52772727  0.52909091 -0.37183300 -0.18354220 -0.00601087  0.19519131  0.32932609  0.32932609
 0.52909091  0.53045455 -0.37095229 -0.18278237 -0.00536502  0.19570799  0.32975666  0.32975666
 0.53045455  0.53181818 -0.37007159 -0.18202255 -0.00471916  0.19622467  0.33018722  0.33018722
 0.53181818  0.53318182 -0.36919088 -0.18126272 -0.00407331  0.19674135  0.33061779  0.33061779
 0.53318182  0.53454545 -0.36831018 -0.18050290 -0.00342746  0.19725803  0.33104836  0.33104836
 0.53454545  0.53590909 -0.36742947 -0.17974307 -0.00278161  0.19777471  0.33147893  0.33147893
 0.53590909  0.53727273 -0.36654876 -0.17898325 -0.00213576  0.19829139  0.33190949  0.33190949
 0.53727273  0.53863636 -0.36566806 -0.17822342 -0.00148991  0.19880807  0.33234006  0.33234006
 0.53863636  0.54000000 -0.36478735 -0.17746360 -0.00084406  0.19932475  0.33277063  0.33277063
 0.54000000  0.54136364 -0.36390665 -0.17670377 -0.00019821  0.19984143  0.33320120  0.33320120
 0.54136364  0.54272727 -0.36304310 -0.17595876  0.00043506  0.20034805  0.33362337  0.33362337
 0.54272727  0.54409091 -0.36220975 -0.17523978  0.00104619  0.20083695  0.33403079  0.33403079
 0.54409091  0.54545455 -0.36137639 -0.17452081  0.00165731  0.20132585  0.33443821  0.33443821
 0.54545455  0.54681818 -0.36054304 -0.17380183  0.00226844  0.20181475  0.33484563  0.33484563
 0.54681818  0.54818182 -0.35970968 -0.17308286  0.00287957  0.20230366  0.33525305  0.33525305
 0.54818182  0.54954545 -0.35887632 -0.17236389  0.00349070  0.20279256  0.33566046  0.33566046
 0.54954545  0.55090909 -0.35804297 -0.17164491  0.00410182  0.20328146  0.33606788  0.33606788
 0.55090909  0.55227273 -0.35720961 -0.17092594  0.00471295  0.20377036  0.33647530  0.33647530
 0.55227273  0.55363636 -0.35637625 -0.17020696  0.00532408  0.20425926  0.33688272  0.33688272
 0.55363636  0.55500000 -0.35554290 -0.16948799  0.00593521  0.20474817  0.33729014  0.33729014
 0.55500000  0.55636364 -0.35470954 -0.16876902  0.00654634  0.20523707  0.33769756  0.33769756
 0.55636364  0.55772727 -0.35387618 -0.16805004  0.00715746  0.20572597  0.33810498  0.33810498
 0.55772727  0.55909091 -0.35304283 -0.16733107  0.00776859  0.20621487  0.33851239  0.33851239
 0.55909091  0.56045455 -0.35220947 -0.16661209  0.00837972  0.20670378  0.33891981  0.33891981
 0.56045455  0.56181818 -0.35137612 -0.16589312  0.00899085  0.20719268  0.33932723  0.33932723
 0.56181818  0.56318182 -0.35054276 -0.16517415  0.00960198  0.20768158  0.33973465  0.33973465
 0.56318182  0.56454545 -0.34970940 -0.16445517  0.01021310  0.20817048  0.34014207  0.34014207
 0.56454545  0.56590909 -0.34887605 -0.16373620  0.01082423  0.20865939  0.34054949  0.34054949
 0.56590909  0.56727273 -0.34804269 -0.16301722  0.01143536  0.20914829  0.34095691  0.34095691
 0.56727273  0.56863636 -0.34720933 -0.16229825  0.01204649  0.20963719  0.34136433  0.34136433
 0.56863636  0.57000000 -0.34637598 -0.16157928  0.01265762  0.21012609  0.34177174  0.34177174
 0.57000000  0.57136364 -0.34554262 -0.16086030  0.01326874  0.21061500  0.34217916  0.34217916
 0.57136364  0.57272727 -0.34470927 -0.16014133  0.01387987  0.21110390  0.34258658  0.34258658
 0.57272727  0.57409091 -0.34387591 -0.15942235  0.01449100  0.21159280  0.34299400  0.34299400
 0.57409091  0.57545455 -0.34304255 -0.15870338  0.01510213  0.21208170  0.34340142  0.34340142
 0.57545455  0.57681818 -0.34220920 -0.15798441  0.01571326  0.21257060  0.34380884  0.34380884
 0.57681818  0.57818182 -0.34137584 -0.15726543  0.01632438  0.21305951  0.34421626  0.34421626
 0.57818182  0.57954545 -0.34054248 -0.15654646  0.01693551  0.21354841  0.34462367  0.34462367
 0.57954545  0.58090909 -0.33970913 -0.15582748  0.01754664  0.21403731  0.34503109  0.34503109
 0.58090909  0.58227273 -0.33887577 -0.15510851  0.01815777  0.21452621  0.34543851  0.34543851
 0.58227273  0.58363636 -0.33804242 -0.15438953  0.01876890  0.21501512  0.34584593  0.34584593
 0.58363636  0.58500000 -0.33720906 -0.15367056  0.01938002  0.21550402  0.34625335  0.34625335
 0.58500000  0.58636364 -0.33637570 -0.15295159  0.01999115  0.21599292  0.34666077  0.34666077
 0.58636364  0.58772727 -0.33554235 -0.15223261  0.02060228  0.21648182  0.34706819  0.34706819
 0.58772727  0.58909091 -0.33470899 -0.15151364  0.02121341  0.21697073  0.34747560  0.34747560
 0.58909091  0.59045455 -0.33387563 -0.15079466  0.02182453  0.21745963  0.34788302  0.34788302
 0.59045455  0.59181818 -0.33304228 -0.15007569  0.02243566  0.21794853  0.34829044  0.34829044
 0.59181818  0.59318182 -0.33220892 -0.14935672  0.02304679  0.21843743  0.34869786  0.34869786
 0.59318182  0.59454545 -0.33137557 -0.14863774  0.02365792  0.21892634  0.34910528  0.34910528
 0.59454545  0.59590909 -0.33054221 -0.14791877  0.02426905  0.21941524  0.34951270  0.34951270
 0.59590909  0.59727273 -0.32970885 -0.14719979  0.02488017  0.21990414  0.34992012  0.34992012
 0.59727273  0.59863636 -0.32887550 -0.14648082  0.02549130  0.22039304  0.35032754  0.35032754
 0.59863636  0.60000000 -0.32804214 -0.14576185  0.02610243  0.22088194  0.35073495  0.35073495
 0.60000000  0.60136364 -0.32720878 -0.14504287  0.02671356  0.22137085  0.35114237  0.35114237
 0.60136364  0.60272727 -0.32637543 -0.14432390  0.02732469  0.22185975  0.35154979  0.35154979
 0.60272727  0.60409091 -0.32554207 -0.14360492  0.02793581  0.22234865  0.35195721  0.35195721
 0.60409091  0.60545455 -0.32470872 -0.14288595  0.02854694  0.22283755  0.35236463  0.35236463
 0.60545455  0.60681818 -0.32387536 -0.14216698  0.02915807  0.22332646  0.35277205  0.35277205
 0.60681818  0.60818182 -0.32304200 -0.14144800  0.02976920  0.22381536  0.35317947  0.35317947
 0.60818182  0.60954545 -0.32220865 -0.14072903  0.03038033  0.22430426  0.35358688  0.35358688
 0.60954545  0.61090909 -0.32137529 -0.14001005  0.03099145  0.22479316  0.35399430  0.35399430
 0.61090909  0.61227273 -0.32054193 -0.13929108  0.03160258  0.22528207  0.35440172  0.35440172
 0.61227273  0.61363636 -0.31970858 -0.13857211  0.03221371  0.22577097  0.35480914  0.35480914
 0.61363636  0.61500000 -0.31887522 -0.13785313  0.03282484  0.22625987  0.35521656  0.35521656
 0.61500000  0.61636364 -0.31804186 -0.13713416  0.03343597  0.22674877  0.35562398  0.35562398
 0.61636364  0.61772727 -0.31720851 -0.13641518  0.03404709  0.22723767  0.35603140  0.35603140
 0.61772727  0.61909091 -0.31637515 -0.13569621  0.03465822  0.22772658  0.35643881  0.35643881
 0.61909091  0.62045455 -0.31554180 -0.13497724  0.03526935  0.22821548  0.35684623  0.35684623
 0.62045455  0.62181818 -0.31470844 -0.13425826  0.03588048  0.22870438  0.35725365  0.35725365
 0.62181818  0.62318182 -0.31387508 -0.13353929  0.03649161  0.22919328  0.35766107  0.35766107
 0.62318182  0.62454545 -0.31304173 -0.13282031  0.03710273  0.22968219  0.35806849  0.35806849
 0.62454545  0.62590909 -0.31220837 -0.13210134  0.03771386  0.23017109  0.35847591  0.35847591
 0.62590909  0.62727273 -0.31137501 -0.13138237  0.03832499  0.23065999  0.35888333  0.35888333
 0.62727273  0.62863636 -0.31054166 -0.13066339  0.03893612  0.23114889  0.35929074  0.35929074
 0.62863636  0.63000000 -0.30970830 -0.12994442  0.03954725  0.23163780  0.35969816  0.35969816
 0.63000000  0.63136364 -0.30887495 -0.12922544  0.04015837  0.23212670  0.36010558  0.36010558
 0.63136364  0.63272727 -0.30804159 -0.12850647  0.04076950  0.23261560  0.36051300  0.36051300
 0.63272727  0.63409091 -0.30720823 -0.12778750  0.04138063  0.23310450  0.36092042  0.36092042
 0.63409091  0.63545455 -0.30637488 -0.12706852  0.04199176  0.23359341  0.36132784  0.36132784
 0.63545455  0.63681818 -0.30554152 -0.12634955  0.04260288  0.23408231  0.36173526  0.36173526
 0.63681818  0.63818182 -0.30470816 -0.12563057  0.04321401  0.23457121  0.36214268  0.36214268
 0.63818182  0.63954545 -0.30387481 -0.12491160  0.04382514  0.23506011  0.36255009  0.36255009
 0.63954545  0.64090909 -0.30304145 -0.12419263  0.04443627  0.23554901  0.36295751  0.36295751
 0.64090909  0.64227273 -0.30220810 -0.12347365  0.04504740  0.23603792  0.36336493  0.36336493
 0.64227273  0.64363636 -0.30137474 -0.12275468  0.04565852  0.23652682  0.36377235  0.36377235
 0.64363636  0.64500000 -0.30054138 -0.12203570  0.04626965  0.23701572  0.36417977  0.36417977
 0.64500000  0.64636364 -0.29970803 -0.12131673  0.04688078  0.23750462  0.36458719  0.36458719
 0.64636364  0.64772727 -0.29887467 -0.12059775  0.04749191  0.23799353  0.36499461  0.36499461
 0.64772727  0.64909091 -0.29804131 -0.11987878  0.04810304  0.23848243  0.36540202  0.36540202
 0.64909091  0.65045455 -0.29720796 -0.11915981  0.04871416  0.23897133  0.36580944  0.36580944
 0.65045455  0.65181818 -0.29637460 -0.11844083  0.04932529  0.23946023  0.36621686  0.36621686
 0.65181818  0.65318182 -0.29554125 -0.11772186  0.04993642  0.23994914  0.36662428  0.36662428
 0.65318182  0.65454545 -0.29470789 -0.11700288  0.05054755  0.24043804  0.36703170  0.36703170
 0.65454545  0.65590909 -0.29387453 -0.11628391  0.05115868  0.24092694  0.36743912  0.36743912
 0.65590909  0.65727273 -0.29306677 -0.11558702  0.05175103  0.24140083  0.36783402  0.36783402
 0.65727273  0.65863636 -0.29235507 -0.11497301  0.05227295  0.24181836  0.36818196  0.36818196
 0.65863636  0.66000000 -0.29164338 -0.11435899  0.05279486  0.24223589  0.36852990  0.36852990
 0.66000000  0.66136364 -0.29093168 -0.11374498  0.05331677  0.24265341  0.36887785  0.36887785
 0.66136364  0.66272727 -0.29021998 -0.11313096  0.05383868  0.24307094  0.36922579  0.36922579
 0.66272727  0.66409091 -0.28950828 -0.11251695  0.05436059  0.24348847  0.36957373  0.36957373
 0.66409091  0.66545455 -0.28879659 -0.11190294  0.05488250  0.24390600  0.36992167  0.36992167
 0.66545455  0.66681818 -0.28808489 -0.11128892  0.05540441  0.24432353  0.37026961  0.37026961
 0.66681818  0.66818182 -0.28737319 -0.11067491  0.05592633  0.24474106  0.37061755  0.37061755
 0.66818182  0.66954545 -0.28666149 -0.11006090  0.05644824  0.24515859  0.37096549  0.37096549
 0.66954545  0.67090909 -0.28594980 -0.10944688  0.05697015  0.24557612  0.37131343  0.37131343
 0.67090909  0.67227273 -0.28523810 -0.10883287  0.05749206  0.24599365  0.37166137  0.37166137
 0.67227273  0.67363636 -0.28452640 -0.10821886  0.05801397  0.24641118  0.37200931  0.37200931
 0.67363636  0.67500000 -0.28381470 -0.10760484  0.05853588  0.24682871  0.37235726  0.37235726
 0.67500000  0.67636364 -0.28310301 -0.10699083  0.05905780  0.24724624  0.37270520  0.37270520
 0.67636364  0.67772727 -0.28239131 -0.10637682  0.05957971  0.24766377  0.37305314  0.37305314
 0.67772727  0.67909091 -0.28167961 -0.10576280  0.06010162  0.24808129  0.37340108  0.37340108
 0.67909091  0.68045455 -0.28096791 -0.10514879  0.06062353  0.24849882  0.37374902  0.37374902
 0.68045455  0.68181818 -0.28025622 -0.10453477  0.06114544  0.24891635  0.37409696  0.37409696
 0.68181818  0.68318182 -0.27954452 -0.10392076  0.06166735  0.24933388  0.37444490  0.37444490
 0.68318182  0.68454545 -0.27883282 -0.10330675  0.06218926  0.24975141  0.37479284  0.37479284
 0.68454545  0.68590909 -0.27812112 -0.10269273  0.06271118  0.25016894  0.37514078  0.37514078
 0.68590909  0.68727273 -0.27740943 -0.10207872  0.06323309  0.25058647  0.37548873  0.37548873
 0.68727273  0.68863636 -0.27669773 -0.10146471  0.06375500  0.25100400  0.37583667  0.37583667
 0.68863636  0.69000000 -0.27598603 -0.10085069  0.06427691  0.25142153  0.37618461  0.37618461
 0.69000000  0.69136364 -0.27527433 -0.10023668  0.06479882  0.25183906  0.37653255  0.37653255
 0.69136364  0.69272727 -0.27456264 -0.09962267  0.06532073  0.25225659  0.37688049  0.37688049
 0.69272727  0.69409091 -0.27385094 -0.09900865  0.06584265  0.25267412  0.37722843  0.37722843
 0.69409091  0.69545455 -0.27313924 -0.09839464  0.06636456  0.25309165  0.37757637  0.37757637
 0.69545455  0.69681818 -0.27242754 -0.09778063  0.06688647  0.25350917  0.37792431  0.37792431
 0.69681818  0.69818182 -0.27171585 -0.09716661  0.06740838  0.25392670  0.37827225  0.37827225
 0.69818182  0.69954545 -0.27100415 -0.09655260  0.06793029  0.25434423  0.37862019  0.37862019
 0.69954545  0.70090909 -0.27029245 -0.09593858  0.06845220  0.25476176  0.37896814  0.37896814
 0.70090909  0.70227273 -0.26958075 -0.09532457  0.06897411  0.25517929  0.37931608  0.37931608
 0.70227273  0.70363636 -0.26886905 -0.09471056  0.06949603  0.25559682  0.37966402  0.37966402
 0.70363636  0.70500000 -0.26815736 -0.09409654  0.07001794  0.25601435  0.38001196  0.38001196
 0.70500000  0.70636364 -0.26744566 -0.09348253  0.07053985  0.25643188  0.38035990  0.38035990
 0.70636364  0.70772727 -0.26673396 -0.09286852  0.07106176  0.25684941  0.38070784  0.38070784
 0.70772727  0.70909091 -0.26602226 -0.09225450  0.07158367  0.25726694  0.38105578  0.38105578
 0.70909091  0.71045455 -0.26531057 -0.09164049  0.07210558  0.25768447  0.38140372  0.38140372
 0.71045455  0.71181818 -0.26459887 -0.09102648  0.07262750  0.25810200  0.38175166  0.38175166
 0.71181818  0.71318182 -0.26388717 -0.09041246  0.07314941  0.25851953  0.38209960  0.38209960
 0.71318182  0.71454545 -0.26317547 -0.08979845  0.07367132  0.25893705  0.38244755  0.38244755
 0.71454545  0.71590909 -0.26246378 -0.08918443  0.07419323  0.25935458  0.38279549  0.38279549
 0.71590909  0.71727273 -0.26175208 -0.08857042  0.07471514  0.25977211  0.38314343  0.38314343
 0.71727273  0.71863636 -0.26104038 -0.08795641  0.07523705  0.26018964  0.38349137  0.38349137
 0.71863636  0.72000000 -0.26032868 -0.08734239  0.07575896  0.26060717  0.38383931  0.38383931
 0.72000000  0.72136364 -0.25961699 -0.08672838  0.07628088  0.26102470  0.38418725  0.38418725
 0.72136364  0.72272727 -0.25890529 -0.08611437  0.07680279  0.26144223  0.38453519  0.38453519
 0.72272727  0.72409091 -0.25819359 -0.08550035  0.07732470  0.26185976  0.38488313  0.38488313
 0.72409091  0.72545455 -0.25748189 -0.08488634  0.07784661  0.26227729  0.38523107  0.38523107
 0.72545455  0.72681818 -0.25677020 -0.08427233  0.07836852  0.26269482  0.38557902  0.38557902
 0.72681818  0.72818182 -0.25605850 -0.08365831  0.07889043  0.26311235  0.38592696  0.38592696
 0.72818182  0.72954545 -0.25534680 -0.08304430  0.07941235  0.26352988  0.38627490  0.38627490
 0.72954545  0.73090909 -0.25463510 -0.08243029  0.07993426  0.26394741  0.38662284  0.38662284
 0.73090909  0.73227273 -0.25392341 -0.08181627  0.08045617  0.26436494  0.38697078  0.38697078
 0.73227273  0.73363636 -0.25321171 -0.08120226  0.08097808  0.26478246  0.38731872  0.38731872
 0.73363636  0.73500000 -0.25250001 -0.08058824  0.08149999  0.26519999  0.38766666  0.38766666
 0.73500000  0.73636364 -0.25178831 -0.07997423  0.08202190  0.26561752  0.38801460  0.38801460
 0.73636364  0.73772727 -0.25107662 -0.07936022  0.08254382  0.26603505  0.38836254  0.38836254
 0.73772727  0.73909091 -0.25036492 -0.07874620  0.08306573  0.26645258  0.38871048  0.38871048
 0.73909091  0.74045455 -0.24965322 -0.07813219  0.08358764  0.26687011  0.38905843  0.38905843
 0.74045455  0.74181818 -0.24894152 -0.07751818  0.08410955  0.26728764  0.38940637  0.38940637
 0.74181818  0.74318182 -0.24822983 -0.07690416  0.08463146  0.26770517  0.38975431  0.38975431
 0.74318182  0.74454545 -0.24751813 -0.07629015  0.08515337  0.26812270  0.39010225  0.39010225
 0.74454545  0.74590909 -0.24680643 -0.07567614  0.08567528  0.26854023  0.39045019  0.39045019
 0.74590909  0.74727273 -0.24609473 -0.07506212  0.08619720  0.26895776  0.39079813  0.39079813
 0.74727273  0.74863636 -0.24538304 -0.07444811  0.08671911  0.26937529  0.39114607  0.39114607
 0.74863636  0.75000000 -0.24467134 -0.07383410  0.08724102  0.26979282  0.39149401  0.39149401
