 0.00000000  0.00750000  0.32153959  0.19170292  0.07531102  0.05368032  0.04028175  0.00000000  0.00000000
 0.00750000  0.01500000  0.32153959  0.19177596  0.07531102  0.05368032  0.04028175  0.00000000  0.00000000
 0.01500000  0.02250000  0.32153959  0.19177421  0.07531102  0.05368032  0.04028175  0.00000000  0.00000000
 0.02250000  0.03000000  0.32153959  0.19177220  0.07531102  0.05368032  0.04028175  0.00000000  0.00000000
 0.03000000  0.03750000  0.32153959  0.19176997  0.07531102  0.05368032  0.04028175  0.00000000  0.00000000
 0.03750000  0.04500000  0.32153959  0.19176749  0.07531102  0.05368032  0.04028175  0.00000000  0.00000000
 0.04500000  0.05250000  0.32153959  0.19176477  0.07531102  0.05368032  0.04028175  0.00000000  0.00000000
 0.05250000  0.06000000  0.32153959  0.19176172  0.07531102  0.05368032  0.04028175  0.00000000  0.00000000
 0.06000000  0.06750000  0.32153959  0.19175844  0.07531102  0.05368032  0.04028175  0.00000000  0.00000000
 0.06750000  0.07500000  0.32153959  0.19175488  0.07531102  0.05368032  0.04028175  0.00000000  0.00000000
 0.07500000  0.08250000  0.32153959  0.19175104  0.07531102  0.05368032  0.04028175  0.00000000  0.00000000
 0.08250000  0.09000000  0.32153959  0.19174686  0.07531102  0.05368032  0.04028175  0.00000000  0.00000000
 0.09000000  0.09750000  0.32153959  0.19174242  0.07531102  0.05368032  0.04028175  0.00000000  0.00000000
 0.09750000  0.10500000  0.32153959  0.19173767  0.07531102  0.05368032  0.04028175  0.00000000  0.00000000
 0.10500000  0.11250000  0.32153959  0.19173258  0.07531102  0.05368032  0.04028175  0.00000000  0.00000000
 0.11250000  0.12000000  0.32153959  0.19172713  0.07531102  0.05368032  0.04028175  0.00000000  0.00000000
 0.12000000  0.12750000  0.32153959  0.19172142  0.07531102  0.05368032  0.04028175  0.00000000  0.00000000
 0.12750000  0.13500000  0.32153959  0.19171533  0.07531102  0.05368032  0.04028175  0.00000000  0.00000000
 0.13500000  0.14250000  0.32153959  0.19119331  0.07531102  0.05368032  0.04028175  0.00000000  0.00000000
 0.14250000  0.15000000  0.32153959  0.19619918  0.07531102  0.05368032  0.04028175  0.00000000  0.00000000
 0.15000000  0.15750000  0.29241090  0.21143364  0.07651458  0.05446301  0.04082632  0.03194066  0.00000000
 0.15750000  0.16500000  0.29241090  0.21143364  0.07651458  0.05446301  0.04082632  0.03194066  0.00000000
 0.16500000  0.17250000  0.29241090  0.21143364  0.07651458  0.05446301  0.04082632  0.03194066  0.00000000
 0.17250000  0.18000000  0.29241090  0.21143364  0.07651458  0.05446301  0.04082632  0.03194066  0.00000000
 0.18000000  0.18750000  0.29241090  0.21143364  0.07651458  0.05446301  0.04082632  0.03194066  0.00000000
 0.18750000  0.19500000  0.29241090  0.21143364  0.07651458  0.05446301  0.04082632  0.03194066  0.00000000
 0.19500000  0.20250000  0.29241090  0.21143364  0.07651458  0.05446301  0.04082632  0.03194066  0.00000000
 0.20250000  0.21000000  0.29241090  0.21143364  0.07651458  0.05446301  0.04082632  0.03194066  0.00000000
 0.21000000  0.21750000  0.29241090  0.21143364  0.07651458  0.05446301  0.04082632  0.03194066  0.00000000
 0.21750000  0.22500000  0.29241090  0.21143364  0.07651458  0.05446301  0.04082632  0.03194066  0.00000000
 0.22500000  0.23250000  0.29241090  0.21143364  0.07651458  0.05446301  0.04082632  0.03194066  0.00000000
 0.23250000  0.24000000  0.29241090  0.21143364  0.07651458  0.05446301  0.04082632  0.03194066  0.00000000
 0.24000000  0.24750000  0.29241090  0.21143364  0.07651458  0.05446301  0.04082632  0.03194066  0.00000000
 0.24750000  0.25500000  0.29241090  0.21143364  0.07651458  0.05446301  0.04082632  0.03194066  0.00000000
 0.25500000  0.26250000  0.29241090  0.21143364  0.07651458  0.05446301  0.04082632  0.03194066  0.00000000
 0.26250000  0.27000000  0.29241090  0.21143364  0.07651458  0.05446301  0.04082632  0.03194066  0.00000000
 0.27000000  0.27750000  0.29241090  0.21143364  0.07651458  0.05446301  0.04082632  0.03194066  0.00000000
 0.27750000  0.28500000  0.29241090  0.21143364  0.07651458  0.05446301  0.04082632  0.03194066  0.00000000
 0.28500000  0.29250000  0.29241090  0.21143364  0.07651458  0.05446301  0.04082632  0.03194066  0.00000000
 0.29250000  0.30000000  0.29241090  0.21143364  0.07651458  0.05446301  0.04082632  0.03194066  0.00000000
 0.30000000  0.30750000  0.29241090  0.21143364  0.07651458  0.05446301  0.04082632  0.03194066  0.00000000
 0.30750000  0.31500000  0.29241090  0.21143364  0.07651458  0.05446301  0.04082632  0.03194066  0.00000000
 0.31500000  0.32250000  0.29241090  0.21143364  0.07651458  0.05446301  0.04082632  0.03194066  0.00000000
 0.32250000  0.33000000  0.29241090  0.21143364  0.07651458  0.05446301  0.04082632  0.03194066  0.00000000
 0.33000000  0.33750000  0.32153959  0.18764774  0.07531102  0.05368032  0.04028175  0.00000000  0.00000000
 0.33750000  0.34500000  0.32153959  0.18764774  0.07531102  0.05368032  0.04028175  0.00000000  0.00000000
 0.34500000  0.35250000  0.32153959  0.18764774  0.07531102  0.05368032  0.04028175  0.00000000  0.00000000
 0.35250000  0.36000000  0.32153959  0.18764774  0.07531102  0.05368032  0.04028175  0.00000000  0.00000000
 0.36000000  0.36750000  0.32153959  0.18764774  0.07531102  0.05368032  0.04028175  0.00000000  0.00000000
 0.36750000  0.37500000  0.32153959  0.18764774  0.07531102  0.05368032  0.04028175  0.00000000  0.00000000
 0.37500000  0.38250000  0.32153959  0.18764774  0.07531102  0.05368032  0.04028175  0.00000000  0.00000000
 0.38250000  0.39000000  0.32153959  0.18764774  0.07531102  0.05368032  0.04028175  0.00000000  0.00000000
 0.39000000  0.39750000  0.32153959  0.18764774  0.07531102  0.05368032  0.04028175  0.00000000  0.00000000
 0.39750000  0.40500000  0.32153959  0.18764774  0.07531102  0.05368032  0.04028175  0.00000000  0.00000000
 0.40500000  0.41250000  0.32153959  0.18764774  0.07531102  0.05368032  0.04028175  0.00000000  0.00000000
 0.41250000  0.42000000  0.32153959  0.18764774  0.07531102  0.05368032  0.04028175  0.00000000  0.00000000
 0.42000000  0.42750000  0.32153959  0.18764774  0.07531102  0.05368032  0.04028175  0.00000000  0.00000000
 0.42750000  0.43500000  0.32153959  0.18764774  0.07531102  0.05368032  0.04028175  0.00000000  0.00000000
 0.43500000  0.44250000  0.32153959  0.18764774  0.07531102  0.05368032  0.04028175  0.00000000  0.00000000
 0.44250000  0.45000000  0.32153959  0.18764774  0.07531102  0.05368032  0.04028175  0.00000000  0.00000000
 0.45000000  0.45750000  0.32153959  0.18764774  0.07531102  0.05368032  0.04028175  0.00000000  0.00000000
 0.45750000  0.46500000  0.32153959  0.18764774  0.07531102  0.05368032  0.04028175  0.00000000  0.00000000
 0.46500000  0.47250000  0.32153959  0.18764774  0.07531102  0.05368032  0.04028175  0.00000000  0.00000000
 0.47250000  0.48000000  0.32153959  0.18764774  0.07531102  0.05368032  0.04028175  0.00000000  0.00000000
 0.48000000  0.48750000  0.32153959  0.18764774  0.07531102  0.05368032  0.04028175  0.00000000  0.00000000
 0.48750000  0.49500000  0.32153959  0.18764774  0.07531102  0.05368032  0.04028175  0.00000000  0.00000000
 0.49500000  0.50250000  0.32153959  0.18764774  0.07531102  0.05368032  0.04028175  0.00000000  0.00000000
 0.50250000  0.51000000  0.32153959  0.18764774  0.07531102  0.05368032  0.04028175  0.00000000  0.00000000
 0.51000000  0.51750000  0.32153959  0.18764774  0.07531102  0.05368032  0.04028175  0.00000000  0.00000000
 0.51750000  0.52500000  0.32153959  0.18764774  0.07531102  0.05368032  0.04028175  0.00000000  0.00000000
 0.52500000  0.53250000  0.32153959  0.18764774  0.07531102  0.05368032  0.04028175  0.00000000  0.00000000
 0.53250000  0.54000000  0.32153959  0.18764774  0.07531102  0.05368032  0.04028175  0.00000000  0.00000000
 0.54000000  0.54750000  0.35767650  0.15809626  0.07383300  0.05271775  0.00000000  0.00000000  0.00000000
 0.54750000  0.55500000  0.35767650  0.15809626  0.07383300  0.05271775  0.00000000  0.00000000  0.00000000
 0.55500000  0.56250000  0.35767650  0.15809626  0.07383300  0.05271775  0.00000000  0.00000000  0.00000000
 0.56250000  0.57000000  0.35767650  0.15809626  0.07383300  0.05271775  0.00000000  0.00000000  0.00000000
 0.57000000  0.57750000  0.35767650  0.15809626  0.07383300  0.05271775  0.00000000  0.00000000  0.00000000
 0.57750000  0.58500000  0.35767650  0.15809626  0.07383300  0.05271775  0.00000000  0.00000000  0.00000000
 0.58500000  0.59250000  0.35767650  0.15809626  0.07383300  0.05271775  0.00000000  0.00000000  0.00000000
 0.59250000  0.60000000  0.35767650  0.15809626  0.07383300  0.05271775  0.00000000  0.00000000  0.00000000
 0.60000000  0.60750000  0.35767650  0.15809626  0.07383300  0.05271775  0.00000000  0.00000000  0.00000000
 0.60750000  0.61500000  0.35767650  0.15809626  0.07383300  0.05271775  0.00000000  0.00000000  0.00000000
 0.61500000  0.62250000  0.35767650  0.15809626  0.07383300  0.05271775  0.00000000  0.00000000  0.00000000
 0.62250000  0.63000000  0.35767650  0.15809626  0.07383300  0.05271775  0.00000000  0.00000000  0.00000000
 0.63000000  0.63750000  0.35767650  0.15809626  0.07383300  0.05271775  0.00000000  0.00000000  0.00000000
 0.63750000  0.64500000  0.35767650  0.15809626  0.07383300  0.05271775  0.00000000  0.00000000  0.00000000
 0.64500000  0.65250000  0.35767650  0.15809626  0.07383300  0.05271775  0.00000000  0.00000000  0.00000000
 0.65250000  0.66000000  0.35767650  0.15809626  0.07383300  0.05271775  0.00000000  0.00000000  0.00000000
 0.66000000  0.66750000  0.35114145  0.11109050  0.07152140  0.05120915  0.00000000  0.00000000  0.06389605
 0.66750000  0.67500000  0.35114145  0.11109050  0.07152140  0.05120915  0.00000000  0.00000000  0.06389605
 0.67500000  0.68250000  0.35114145  0.11109050  0.07152140  0.05120915  0.00000000  0.00000000  0.06389605
 0.68250000  0.69000000  0.35114145  0.11109050  0.07152140  0.05120915  0.00000000  0.00000000  0.06389605
 0.69000000  0.69750000  0.35114145  0.11109050  0.07152140  0.05120915  0.00000000  0.00000000  0.06389605
 0.69750000  0.70500000  0.35114145  0.11109050  0.07152140  0.05120915  0.00000000  0.00000000  0.06389605
 0.70500000  0.71250000  0.35114145  0.11109050  0.07152140  0.05120915  0.00000000  0.00000000  0.06389605
 0.71250000  0.72000000  0.35114145  0.11109050  0.07152140  0.05120915  0.00000000  0.00000000  0.06389605
 0.72000000  0.72750000  0.35114145  0.11109050  0.07152140  0.05120915  0.00000000  0.00000000  0.06389605
 0.72750000  0.73500000  0.35114145  0.11109050  0.07152140  0.05120915  0.00000000  0.00000000  0.06389605
 0.73500000  0.74250000  0.35114145  0.11109050  0.07152140  0.05120915  0.00000000  0.00000000  0.06389605
 0.74250000  0.75000000  0.35114145  0.11109050  0.07152140  0.05120915  0.00000000  0.00000000  0.06389605
